Exprimental Configuration File: egs/ttm/lyricgen/exp_config_chinese_clean.json
Exprimental Name: lyric2song_chinese_clean
Start a new experiment...
Using GradScaler for autocast with float16Using GradScaler for autocast with float16Using GradScaler for autocast with float16

Using GradScaler for autocast with float16

Using GradScaler for autocast with float16
Using GradScaler for autocast with float16
Exprimental Configuration File: egs/ttm/lyricgen/exp_config_chinese_clean.json
Exprimental Name: lyric2song_chinese_clean
Start a new experiment...
Using GradScaler for autocast with float16Using GradScaler for autocast with float16Using GradScaler for autocast with float16


Using GradScaler for autocast with float16
Using GradScaler for autocast with float16
Using GradScaler for autocast with float16
Exprimental Configuration File: egs/ttm/lyricgen/exp_config_chinese_clean.json
Exprimental Name: lyric2song_chinese_clean
Start a new experiment...
Using GradScaler for autocast with float16
Using GradScaler for autocast with float16
Using GradScaler for autocast with float16Using GradScaler for autocast with float16Using GradScaler for autocast with float16
Using GradScaler for autocast with float16


Exprimental Configuration File: egs/ttm/lyricgen/exp_config_chinese_clean.json
Exprimental Name: lyric2song_chinese_clean
Start a new experiment...
Using GradScaler for autocast with float16Using GradScaler for autocast with float16Using GradScaler for autocast with float16


Using GradScaler for autocast with float16
Using GradScaler for autocast with float16
Using GradScaler for autocast with float16
Exprimental Configuration File: egs/ttm/lyricgen/exp_config_chinese_clean.json
Exprimental Name: lyric2song_chinese_clean
Start a new experiment...
Using GradScaler for autocast with float16Using GradScaler for autocast with float16

Using GradScaler for autocast with float16
Using GradScaler for autocast with float16Using GradScaler for autocast with float16

Using GradScaler for autocast with float16
save checkpoint in /home/wangyuancheng.p/zja/Amphion/ckpts/ttm/lyric2song_chinese_clean/checkpoint/epoch-0000_step-0000500_loss-7.081271
save checkpoint in /home/wangyuancheng.p/zja/Amphion/ckpts/ttm/lyric2song_chinese_clean/checkpoint/epoch-0000_step-0001000_loss-6.969938
save checkpoint in /home/wangyuancheng.p/zja/Amphion/ckpts/ttm/lyric2song_chinese_clean/checkpoint/epoch-0000_step-0001500_loss-6.926037
save checkpoint in /home/wangyuancheng.p/zja/Amphion/ckpts/ttm/lyric2song_chinese_clean/checkpoint/epoch-0000_step-0001744_loss-6.910957
Exprimental Configuration File: egs/ttm/lyricgen/exp_config_chinese_clean.json
Exprimental Name: lyric2song_chinese_clean
Start a new experiment...
Exprimental Configuration File: egs/ttm/lyricgen/exp_config_chinese_clean.json
Exprimental Name: lyric2song_chinese_clean
Start a new experiment...
Using GradScaler for autocast with float16
Using GradScaler for autocast with float16
Using GradScaler for autocast with float16
Using GradScaler for autocast with float16Using GradScaler for autocast with float16

Using GradScaler for autocast with float16
Exprimental Configuration File: egs/ttm/lyricgen/exp_config_chinese_clean.json
Exprimental Name: lyric2song_chinese_clean
Start a new experiment...
Using GradScaler for autocast with float16Using GradScaler for autocast with float16Using GradScaler for autocast with float16


Using GradScaler for autocast with float16Using GradScaler for autocast with float16

Using GradScaler for autocast with float16
Exprimental Configuration File: egs/ttm/lyricgen/exp_config_chinese_clean.json
Exprimental Name: lyric2song_chinese_clean
Start a new experiment...
Using GradScaler for autocast with float16Using GradScaler for autocast with float16Using GradScaler for autocast with float16Using GradScaler for autocast with float16



Using GradScaler for autocast with float16
Using GradScaler for autocast with float16
Exprimental Configuration File: egs/ttm/lyricgen/exp_config_chinese_clean.json
Exprimental Name: lyric2song_chinese_clean
Start a new experiment...
Using GradScaler for autocast with float16
Using GradScaler for autocast with float16Using GradScaler for autocast with float16

Using GradScaler for autocast with float16
Using GradScaler for autocast with float16
Using GradScaler for autocast with float16
Exprimental Configuration File: egs/ttm/lyricgen/exp_config_chinese_clean.json
Exprimental Name: lyric2song_chinese_clean
Start a new experiment...
Using GradScaler for autocast with float16
Using GradScaler for autocast with float16
Using GradScaler for autocast with float16Using GradScaler for autocast with float16

Using GradScaler for autocast with float16
Using GradScaler for autocast with float16
Exprimental Configuration File: egs/ttm/lyricgen/exp_config_chinese_clean.json
Exprimental Name: lyric2song_chinese_clean
Start a new experiment...
Using GradScaler for autocast with float16Using GradScaler for autocast with float16

Using GradScaler for autocast with float16
Using GradScaler for autocast with float16Using GradScaler for autocast with float16Using GradScaler for autocast with float16


Exprimental Configuration File: egs/ttm/lyricgen/exp_config_chinese_clean.json
Exprimental Name: lyric2song_chinese_clean
Start a new experiment...
Using GradScaler for autocast with float16Using GradScaler for autocast with float16

Using GradScaler for autocast with float16
Using GradScaler for autocast with float16
Using GradScaler for autocast with float16
Using GradScaler for autocast with float16
Exprimental Configuration File: egs/ttm/lyricgen/exp_config_chinese_clean.json
Exprimental Name: lyric2song_chinese_clean
Start a new experiment...
Using GradScaler for autocast with float16Using GradScaler for autocast with float16Using GradScaler for autocast with float16


Using GradScaler for autocast with float16
Using GradScaler for autocast with float16
Using GradScaler for autocast with float16
Exprimental Configuration File: egs/ttm/lyricgen/exp_config_chinese_clean.json
Exprimental Name: lyric2song_chinese_clean
Start a new experiment...
Using GradScaler for autocast with float16Using GradScaler for autocast with float16Using GradScaler for autocast with float16


Using GradScaler for autocast with float16
Using GradScaler for autocast with float16
Using GradScaler for autocast with float16
save checkpoint in /home/wangyuancheng.p/zja/Amphion/ckpts/ttm/lyric2song_chinese_clean/checkpoint/epoch-0000_step-0000500_loss-7.117347
save checkpoint in /home/wangyuancheng.p/zja/Amphion/ckpts/ttm/lyric2song_chinese_clean/checkpoint/epoch-0000_step-0001000_loss-6.989931
save checkpoint in /home/wangyuancheng.p/zja/Amphion/ckpts/ttm/lyric2song_chinese_clean/checkpoint/epoch-0000_step-0001500_loss-6.938947
save checkpoint in /home/wangyuancheng.p/zja/Amphion/ckpts/ttm/lyric2song_chinese_clean/checkpoint/epoch-0000_step-0001744_loss-6.922072
save checkpoint in /home/wangyuancheng.p/zja/Amphion/ckpts/ttm/lyric2song_chinese_clean/checkpoint/epoch-0001_step-0002000_loss-6.817152
save checkpoint in /home/wangyuancheng.p/zja/Amphion/ckpts/ttm/lyric2song_chinese_clean/checkpoint/epoch-0001_step-0002500_loss-6.809673
save checkpoint in /home/wangyuancheng.p/zja/Amphion/ckpts/ttm/lyric2song_chinese_clean/checkpoint/epoch-0001_step-0003000_loss-6.798987
save checkpoint in /home/wangyuancheng.p/zja/Amphion/ckpts/ttm/lyric2song_chinese_clean/checkpoint/epoch-0001_step-0003488_loss-6.786467
save checkpoint in /home/wangyuancheng.p/zja/Amphion/ckpts/ttm/lyric2song_chinese_clean/checkpoint/epoch-0002_step-0003500_loss-6.765634
save checkpoint in /home/wangyuancheng.p/zja/Amphion/ckpts/ttm/lyric2song_chinese_clean/checkpoint/epoch-0002_step-0004000_loss-6.684815
save checkpoint in /home/wangyuancheng.p/zja/Amphion/ckpts/ttm/lyric2song_chinese_clean/checkpoint/epoch-0002_step-0004500_loss-6.635999
save checkpoint in /home/wangyuancheng.p/zja/Amphion/ckpts/ttm/lyric2song_chinese_clean/checkpoint/epoch-0002_step-0005000_loss-6.601260
save checkpoint in /home/wangyuancheng.p/zja/Amphion/ckpts/ttm/lyric2song_chinese_clean/checkpoint/epoch-0002_step-0005232_loss-6.583677
save checkpoint in /home/wangyuancheng.p/zja/Amphion/ckpts/ttm/lyric2song_chinese_clean/checkpoint/epoch-0003_step-0005500_loss-6.440650
save checkpoint in /home/wangyuancheng.p/zja/Amphion/ckpts/ttm/lyric2song_chinese_clean/checkpoint/epoch-0003_step-0006000_loss-6.405034
save checkpoint in /home/wangyuancheng.p/zja/Amphion/ckpts/ttm/lyric2song_chinese_clean/checkpoint/epoch-0003_step-0006500_loss-6.370252
save checkpoint in /home/wangyuancheng.p/zja/Amphion/ckpts/ttm/lyric2song_chinese_clean/checkpoint/epoch-0003_step-0006976_loss-6.346576
save checkpoint in /home/wangyuancheng.p/zja/Amphion/ckpts/ttm/lyric2song_chinese_clean/checkpoint/epoch-0004_step-0007000_loss-6.346900
save checkpoint in /home/wangyuancheng.p/zja/Amphion/ckpts/ttm/lyric2song_chinese_clean/checkpoint/epoch-0004_step-0007500_loss-6.246624
save checkpoint in /home/wangyuancheng.p/zja/Amphion/ckpts/ttm/lyric2song_chinese_clean/checkpoint/epoch-0004_step-0008000_loss-6.218310
save checkpoint in /home/wangyuancheng.p/zja/Amphion/ckpts/ttm/lyric2song_chinese_clean/checkpoint/epoch-0004_step-0008500_loss-6.201305
save checkpoint in /home/wangyuancheng.p/zja/Amphion/ckpts/ttm/lyric2song_chinese_clean/checkpoint/epoch-0004_step-0008720_loss-6.192934
save checkpoint in /home/wangyuancheng.p/zja/Amphion/ckpts/ttm/lyric2song_chinese_clean/checkpoint/epoch-0005_step-0009000_loss-6.139697
save checkpoint in /home/wangyuancheng.p/zja/Amphion/ckpts/ttm/lyric2song_chinese_clean/checkpoint/epoch-0005_step-0009500_loss-6.118453
save checkpoint in /home/wangyuancheng.p/zja/Amphion/ckpts/ttm/lyric2song_chinese_clean/checkpoint/epoch-0005_step-0010000_loss-6.099620
save checkpoint in /home/wangyuancheng.p/zja/Amphion/ckpts/ttm/lyric2song_chinese_clean/checkpoint/epoch-0005_step-0010464_loss-6.090503
save checkpoint in /home/wangyuancheng.p/zja/Amphion/ckpts/ttm/lyric2song_chinese_clean/checkpoint/epoch-0006_step-0010500_loss-6.103080
save checkpoint in /home/wangyuancheng.p/zja/Amphion/ckpts/ttm/lyric2song_chinese_clean/checkpoint/epoch-0006_step-0011000_loss-6.044287
save checkpoint in /home/wangyuancheng.p/zja/Amphion/ckpts/ttm/lyric2song_chinese_clean/checkpoint/epoch-0006_step-0011500_loss-6.023965
save checkpoint in /home/wangyuancheng.p/zja/Amphion/ckpts/ttm/lyric2song_chinese_clean/checkpoint/epoch-0006_step-0012000_loss-6.011995
save checkpoint in /home/wangyuancheng.p/zja/Amphion/ckpts/ttm/lyric2song_chinese_clean/checkpoint/epoch-0006_step-0012208_loss-6.006567
save checkpoint in /home/wangyuancheng.p/zja/Amphion/ckpts/ttm/lyric2song_chinese_clean/checkpoint/epoch-0007_step-0012500_loss-5.972420
save checkpoint in /home/wangyuancheng.p/zja/Amphion/ckpts/ttm/lyric2song_chinese_clean/checkpoint/epoch-0007_step-0013000_loss-5.955318
save checkpoint in /home/wangyuancheng.p/zja/Amphion/ckpts/ttm/lyric2song_chinese_clean/checkpoint/epoch-0007_step-0013500_loss-5.939331
save checkpoint in /home/wangyuancheng.p/zja/Amphion/ckpts/ttm/lyric2song_chinese_clean/checkpoint/epoch-0007_step-0013952_loss-5.932225
save checkpoint in /home/wangyuancheng.p/zja/Amphion/ckpts/ttm/lyric2song_chinese_clean/checkpoint/epoch-0008_step-0014000_loss-5.909629
save checkpoint in /home/wangyuancheng.p/zja/Amphion/ckpts/ttm/lyric2song_chinese_clean/checkpoint/epoch-0008_step-0014500_loss-5.898346
save checkpoint in /home/wangyuancheng.p/zja/Amphion/ckpts/ttm/lyric2song_chinese_clean/checkpoint/epoch-0008_step-0015000_loss-5.879381
save checkpoint in /home/wangyuancheng.p/zja/Amphion/ckpts/ttm/lyric2song_chinese_clean/checkpoint/epoch-0008_step-0015500_loss-5.869452
save checkpoint in /home/wangyuancheng.p/zja/Amphion/ckpts/ttm/lyric2song_chinese_clean/checkpoint/epoch-0008_step-0015696_loss-5.865364
save checkpoint in /home/wangyuancheng.p/zja/Amphion/ckpts/ttm/lyric2song_chinese_clean/checkpoint/epoch-0009_step-0016000_loss-5.840190
save checkpoint in /home/wangyuancheng.p/zja/Amphion/ckpts/ttm/lyric2song_chinese_clean/checkpoint/epoch-0009_step-0016500_loss-5.821695
save checkpoint in /home/wangyuancheng.p/zja/Amphion/ckpts/ttm/lyric2song_chinese_clean/checkpoint/epoch-0009_step-0017000_loss-5.807370
save checkpoint in /home/wangyuancheng.p/zja/Amphion/ckpts/ttm/lyric2song_chinese_clean/checkpoint/epoch-0009_step-0017440_loss-5.800140
save checkpoint in /home/wangyuancheng.p/zja/Amphion/ckpts/ttm/lyric2song_chinese_clean/checkpoint/epoch-0010_step-0017500_loss-5.780694
save checkpoint in /home/wangyuancheng.p/zja/Amphion/ckpts/ttm/lyric2song_chinese_clean/checkpoint/epoch-0010_step-0018000_loss-5.767615
save checkpoint in /home/wangyuancheng.p/zja/Amphion/ckpts/ttm/lyric2song_chinese_clean/checkpoint/epoch-0010_step-0018500_loss-5.748164
save checkpoint in /home/wangyuancheng.p/zja/Amphion/ckpts/ttm/lyric2song_chinese_clean/checkpoint/epoch-0010_step-0019000_loss-5.740180
save checkpoint in /home/wangyuancheng.p/zja/Amphion/ckpts/ttm/lyric2song_chinese_clean/checkpoint/epoch-0010_step-0019184_loss-5.736268
save checkpoint in /home/wangyuancheng.p/zja/Amphion/ckpts/ttm/lyric2song_chinese_clean/checkpoint/epoch-0011_step-0019500_loss-5.711150
save checkpoint in /home/wangyuancheng.p/zja/Amphion/ckpts/ttm/lyric2song_chinese_clean/checkpoint/epoch-0011_step-0020000_loss-5.693727
save checkpoint in /home/wangyuancheng.p/zja/Amphion/ckpts/ttm/lyric2song_chinese_clean/checkpoint/epoch-0011_step-0020500_loss-5.680506
save checkpoint in /home/wangyuancheng.p/zja/Amphion/ckpts/ttm/lyric2song_chinese_clean/checkpoint/epoch-0011_step-0020928_loss-5.672862
save checkpoint in /home/wangyuancheng.p/zja/Amphion/ckpts/ttm/lyric2song_chinese_clean/checkpoint/epoch-0012_step-0021000_loss-5.641601
