Exprimental Configuration File: egs/ttm/latentdiffusion/audioldm/sing2song_source_sep_debug.json
Exprimental Name: sing2song_audioldm_debug
Start a new experiment...
Removing weight norm...
Removing weight norm...
Removing weight norm...
Removing weight norm...
Exprimental Configuration File: egs/ttm/latentdiffusion/audioldm/sing2song_source_sep_debug.json
Exprimental Name: sing2song_audioldm_debug
Start a new experiment...
Removing weight norm...
Removing weight norm...
Removing weight norm...
Removing weight norm...
Exprimental Configuration File: egs/ttm/latentdiffusion/audioldm/sing2song_source_sep_debug.json
Exprimental Name: sing2song_audioldm_debug
Start a new experiment...
Removing weight norm...
Removing weight norm...
Removing weight norm...
Removing weight norm...
Exprimental Configuration File: egs/ttm/latentdiffusion/audioldm/sing2song_source_sep_debug.json
Exprimental Name: sing2song_audioldm_debug
Start a new experiment...
Removing weight norm...
Removing weight norm...
Removing weight norm...
Removing weight norm...
save checkpoint in /nvme/data/zja/diffusion/ckpts/sing2song_audioldm_debug/checkpoint/epoch-0000_step-0000100_loss-0.585646
save checkpoint in /nvme/data/zja/diffusion/ckpts/sing2song_audioldm_debug/checkpoint/epoch-0000_step-0000200_loss-0.499177
save checkpoint in /nvme/data/zja/diffusion/ckpts/sing2song_audioldm_debug/checkpoint/epoch-0000_step-0000300_loss-0.466279
save checkpoint in /nvme/data/zja/diffusion/ckpts/sing2song_audioldm_debug/checkpoint/epoch-0000_step-0000400_loss-0.448677
save checkpoint in /nvme/data/zja/diffusion/ckpts/sing2song_audioldm_debug/checkpoint/epoch-0000_step-0000500_loss-0.433730
save checkpoint in /nvme/data/zja/diffusion/ckpts/sing2song_audioldm_debug/checkpoint/epoch-0000_step-0000600_loss-0.423881
save checkpoint in /nvme/data/zja/diffusion/ckpts/sing2song_audioldm_debug/checkpoint/epoch-0000_step-0000700_loss-0.415223
save checkpoint in /nvme/data/zja/diffusion/ckpts/sing2song_audioldm_debug/checkpoint/epoch-0000_step-0000800_loss-0.411035
save checkpoint in /nvme/data/zja/diffusion/ckpts/sing2song_audioldm_debug/checkpoint/epoch-0000_step-0000900_loss-0.406484
save checkpoint in /nvme/data/zja/diffusion/ckpts/sing2song_audioldm_debug/checkpoint/epoch-0000_step-0001000_loss-0.403319
save checkpoint in /nvme/data/zja/diffusion/ckpts/sing2song_audioldm_debug/checkpoint/epoch-0000_step-0001100_loss-0.400846
save checkpoint in /nvme/data/zja/diffusion/ckpts/sing2song_audioldm_debug/checkpoint/epoch-0000_step-0001200_loss-0.399172
save checkpoint in /nvme/data/zja/diffusion/ckpts/sing2song_audioldm_debug/checkpoint/epoch-0000_step-0001300_loss-0.396905
save checkpoint in /nvme/data/zja/diffusion/ckpts/sing2song_audioldm_debug/checkpoint/epoch-0000_step-0001400_loss-0.394644
save checkpoint in /nvme/data/zja/diffusion/ckpts/sing2song_audioldm_debug/checkpoint/epoch-0000_step-0001500_loss-0.392446
save checkpoint in /nvme/data/zja/diffusion/ckpts/sing2song_audioldm_debug/checkpoint/epoch-0000_step-0001600_loss-0.391268
save checkpoint in /nvme/data/zja/diffusion/ckpts/sing2song_audioldm_debug/checkpoint/epoch-0000_step-0001700_loss-0.389976
save checkpoint in /nvme/data/zja/diffusion/ckpts/sing2song_audioldm_debug/checkpoint/epoch-0000_step-0001800_loss-0.387734
save checkpoint in /nvme/data/zja/diffusion/ckpts/sing2song_audioldm_debug/checkpoint/epoch-0000_step-0001900_loss-0.386568
save checkpoint in /nvme/data/zja/diffusion/ckpts/sing2song_audioldm_debug/checkpoint/epoch-0000_step-0002000_loss-0.385552
save checkpoint in /nvme/data/zja/diffusion/ckpts/sing2song_audioldm_debug/checkpoint/epoch-0000_step-0002100_loss-0.384569
save checkpoint in /nvme/data/zja/diffusion/ckpts/sing2song_audioldm_debug/checkpoint/epoch-0000_step-0002200_loss-0.383224
save checkpoint in /nvme/data/zja/diffusion/ckpts/sing2song_audioldm_debug/checkpoint/epoch-0000_step-0002300_loss-0.381696
save checkpoint in /nvme/data/zja/diffusion/ckpts/sing2song_audioldm_debug/checkpoint/epoch-0000_step-0002400_loss-0.381134
save checkpoint in /nvme/data/zja/diffusion/ckpts/sing2song_audioldm_debug/checkpoint/epoch-0000_step-0002500_loss-0.379858
save checkpoint in /nvme/data/zja/diffusion/ckpts/sing2song_audioldm_debug/checkpoint/epoch-0000_step-0002600_loss-0.379966
save checkpoint in /nvme/data/zja/diffusion/ckpts/sing2song_audioldm_debug/checkpoint/epoch-0000_step-0002700_loss-0.378713
save checkpoint in /nvme/data/zja/diffusion/ckpts/sing2song_audioldm_debug/checkpoint/epoch-0000_step-0002800_loss-0.377642
save checkpoint in /nvme/data/zja/diffusion/ckpts/sing2song_audioldm_debug/checkpoint/epoch-0000_step-0002900_loss-0.376437
save checkpoint in /nvme/data/zja/diffusion/ckpts/sing2song_audioldm_debug/checkpoint/epoch-0000_step-0003000_loss-0.376040
save checkpoint in /nvme/data/zja/diffusion/ckpts/sing2song_audioldm_debug/checkpoint/epoch-0000_step-0003100_loss-0.375051
save checkpoint in /nvme/data/zja/diffusion/ckpts/sing2song_audioldm_debug/checkpoint/epoch-0000_step-0003200_loss-0.373745
save checkpoint in /nvme/data/zja/diffusion/ckpts/sing2song_audioldm_debug/checkpoint/epoch-0000_step-0003300_loss-0.373054
save checkpoint in /nvme/data/zja/diffusion/ckpts/sing2song_audioldm_debug/checkpoint/epoch-0000_step-0003400_loss-0.372112
save checkpoint in /nvme/data/zja/diffusion/ckpts/sing2song_audioldm_debug/checkpoint/epoch-0000_step-0003500_loss-0.371249
save checkpoint in /nvme/data/zja/diffusion/ckpts/sing2song_audioldm_debug/checkpoint/epoch-0000_step-0003600_loss-0.370896
save checkpoint in /nvme/data/zja/diffusion/ckpts/sing2song_audioldm_debug/checkpoint/epoch-0000_step-0003700_loss-0.369861
save checkpoint in /nvme/data/zja/diffusion/ckpts/sing2song_audioldm_debug/checkpoint/epoch-0000_step-0003800_loss-0.369087
save checkpoint in /nvme/data/zja/diffusion/ckpts/sing2song_audioldm_debug/checkpoint/epoch-0000_step-0003900_loss-0.368153
save checkpoint in /nvme/data/zja/diffusion/ckpts/sing2song_audioldm_debug/checkpoint/epoch-0000_step-0004000_loss-0.367432
save checkpoint in /nvme/data/zja/diffusion/ckpts/sing2song_audioldm_debug/checkpoint/epoch-0000_step-0004100_loss-0.366620
save checkpoint in /nvme/data/zja/diffusion/ckpts/sing2song_audioldm_debug/checkpoint/epoch-0000_step-0004200_loss-0.365933
save checkpoint in /nvme/data/zja/diffusion/ckpts/sing2song_audioldm_debug/checkpoint/epoch-0000_step-0004300_loss-0.365287
save checkpoint in /nvme/data/zja/diffusion/ckpts/sing2song_audioldm_debug/checkpoint/epoch-0000_step-0004400_loss-0.364489
save checkpoint in /nvme/data/zja/diffusion/ckpts/sing2song_audioldm_debug/checkpoint/epoch-0000_step-0004500_loss-0.363863
save checkpoint in /nvme/data/zja/diffusion/ckpts/sing2song_audioldm_debug/checkpoint/epoch-0000_step-0004600_loss-0.362787
save checkpoint in /nvme/data/zja/diffusion/ckpts/sing2song_audioldm_debug/checkpoint/epoch-0000_step-0004700_loss-0.362310
save checkpoint in /nvme/data/zja/diffusion/ckpts/sing2song_audioldm_debug/checkpoint/epoch-0000_step-0004800_loss-0.362054
save checkpoint in /nvme/data/zja/diffusion/ckpts/sing2song_audioldm_debug/checkpoint/epoch-0000_step-0004900_loss-0.361496
save checkpoint in /nvme/data/zja/diffusion/ckpts/sing2song_audioldm_debug/checkpoint/epoch-0000_step-0005000_loss-0.361405
save checkpoint in /nvme/data/zja/diffusion/ckpts/sing2song_audioldm_debug/checkpoint/epoch-0000_step-0005100_loss-0.361189
save checkpoint in /nvme/data/zja/diffusion/ckpts/sing2song_audioldm_debug/checkpoint/epoch-0000_step-0005200_loss-0.360648
save checkpoint in /nvme/data/zja/diffusion/ckpts/sing2song_audioldm_debug/checkpoint/epoch-0000_step-0005300_loss-0.360386
save checkpoint in /nvme/data/zja/diffusion/ckpts/sing2song_audioldm_debug/checkpoint/epoch-0000_step-0005400_loss-0.359822
save checkpoint in /nvme/data/zja/diffusion/ckpts/sing2song_audioldm_debug/checkpoint/epoch-0000_step-0005500_loss-0.359397
save checkpoint in /nvme/data/zja/diffusion/ckpts/sing2song_audioldm_debug/checkpoint/epoch-0000_step-0005600_loss-0.358802
save checkpoint in /nvme/data/zja/diffusion/ckpts/sing2song_audioldm_debug/checkpoint/epoch-0000_step-0005700_loss-0.358506
save checkpoint in /nvme/data/zja/diffusion/ckpts/sing2song_audioldm_debug/checkpoint/epoch-0000_step-0005800_loss-0.358142
save checkpoint in /nvme/data/zja/diffusion/ckpts/sing2song_audioldm_debug/checkpoint/epoch-0000_step-0005900_loss-0.357605
save checkpoint in /nvme/data/zja/diffusion/ckpts/sing2song_audioldm_debug/checkpoint/epoch-0000_step-0006000_loss-0.357192
save checkpoint in /nvme/data/zja/diffusion/ckpts/sing2song_audioldm_debug/checkpoint/epoch-0000_step-0006100_loss-0.356662
save checkpoint in /nvme/data/zja/diffusion/ckpts/sing2song_audioldm_debug/checkpoint/epoch-0000_step-0006200_loss-0.356273
save checkpoint in /nvme/data/zja/diffusion/ckpts/sing2song_audioldm_debug/checkpoint/epoch-0000_step-0006250_loss-0.355942
save checkpoint in /nvme/data/zja/diffusion/ckpts/sing2song_audioldm_debug/checkpoint/epoch-0001_step-0006300_loss-0.348216
save checkpoint in /nvme/data/zja/diffusion/ckpts/sing2song_audioldm_debug/checkpoint/epoch-0001_step-0006400_loss-0.337926
save checkpoint in /nvme/data/zja/diffusion/ckpts/sing2song_audioldm_debug/checkpoint/epoch-0001_step-0006500_loss-0.336751
save checkpoint in /nvme/data/zja/diffusion/ckpts/sing2song_audioldm_debug/checkpoint/epoch-0001_step-0006600_loss-0.337277
save checkpoint in /nvme/data/zja/diffusion/ckpts/sing2song_audioldm_debug/checkpoint/epoch-0001_step-0006700_loss-0.332712
save checkpoint in /nvme/data/zja/diffusion/ckpts/sing2song_audioldm_debug/checkpoint/epoch-0001_step-0006800_loss-0.331946
save checkpoint in /nvme/data/zja/diffusion/ckpts/sing2song_audioldm_debug/checkpoint/epoch-0001_step-0006900_loss-0.331991
save checkpoint in /nvme/data/zja/diffusion/ckpts/sing2song_audioldm_debug/checkpoint/epoch-0001_step-0007000_loss-0.330280
save checkpoint in /nvme/data/zja/diffusion/ckpts/sing2song_audioldm_debug/checkpoint/epoch-0001_step-0007100_loss-0.330848
save checkpoint in /nvme/data/zja/diffusion/ckpts/sing2song_audioldm_debug/checkpoint/epoch-0001_step-0007200_loss-0.330386
save checkpoint in /nvme/data/zja/diffusion/ckpts/sing2song_audioldm_debug/checkpoint/epoch-0001_step-0007300_loss-0.328178
save checkpoint in /nvme/data/zja/diffusion/ckpts/sing2song_audioldm_debug/checkpoint/epoch-0001_step-0007400_loss-0.326358
save checkpoint in /nvme/data/zja/diffusion/ckpts/sing2song_audioldm_debug/checkpoint/epoch-0001_step-0007500_loss-0.326114
save checkpoint in /nvme/data/zja/diffusion/ckpts/sing2song_audioldm_debug/checkpoint/epoch-0001_step-0007600_loss-0.326490
save checkpoint in /nvme/data/zja/diffusion/ckpts/sing2song_audioldm_debug/checkpoint/epoch-0001_step-0007700_loss-0.326109
save checkpoint in /nvme/data/zja/diffusion/ckpts/sing2song_audioldm_debug/checkpoint/epoch-0001_step-0007800_loss-0.326511
save checkpoint in /nvme/data/zja/diffusion/ckpts/sing2song_audioldm_debug/checkpoint/epoch-0001_step-0007900_loss-0.326750
save checkpoint in /nvme/data/zja/diffusion/ckpts/sing2song_audioldm_debug/checkpoint/epoch-0001_step-0008000_loss-0.326044
save checkpoint in /nvme/data/zja/diffusion/ckpts/sing2song_audioldm_debug/checkpoint/epoch-0001_step-0008100_loss-0.325632
save checkpoint in /nvme/data/zja/diffusion/ckpts/sing2song_audioldm_debug/checkpoint/epoch-0001_step-0008200_loss-0.326039
save checkpoint in /nvme/data/zja/diffusion/ckpts/sing2song_audioldm_debug/checkpoint/epoch-0001_step-0008300_loss-0.326203
save checkpoint in /nvme/data/zja/diffusion/ckpts/sing2song_audioldm_debug/checkpoint/epoch-0001_step-0008400_loss-0.325198
save checkpoint in /nvme/data/zja/diffusion/ckpts/sing2song_audioldm_debug/checkpoint/epoch-0001_step-0008500_loss-0.325043
save checkpoint in /nvme/data/zja/diffusion/ckpts/sing2song_audioldm_debug/checkpoint/epoch-0001_step-0008600_loss-0.325221
save checkpoint in /nvme/data/zja/diffusion/ckpts/sing2song_audioldm_debug/checkpoint/epoch-0001_step-0008700_loss-0.325107
save checkpoint in /nvme/data/zja/diffusion/ckpts/sing2song_audioldm_debug/checkpoint/epoch-0001_step-0008800_loss-0.325353
save checkpoint in /nvme/data/zja/diffusion/ckpts/sing2song_audioldm_debug/checkpoint/epoch-0001_step-0008900_loss-0.325311
save checkpoint in /nvme/data/zja/diffusion/ckpts/sing2song_audioldm_debug/checkpoint/epoch-0001_step-0009000_loss-0.325626
save checkpoint in /nvme/data/zja/diffusion/ckpts/sing2song_audioldm_debug/checkpoint/epoch-0001_step-0009100_loss-0.325119
save checkpoint in /nvme/data/zja/diffusion/ckpts/sing2song_audioldm_debug/checkpoint/epoch-0001_step-0009200_loss-0.324946
save checkpoint in /nvme/data/zja/diffusion/ckpts/sing2song_audioldm_debug/checkpoint/epoch-0001_step-0009300_loss-0.324953
save checkpoint in /nvme/data/zja/diffusion/ckpts/sing2song_audioldm_debug/checkpoint/epoch-0001_step-0009400_loss-0.325361
save checkpoint in /nvme/data/zja/diffusion/ckpts/sing2song_audioldm_debug/checkpoint/epoch-0001_step-0009500_loss-0.325617
save checkpoint in /nvme/data/zja/diffusion/ckpts/sing2song_audioldm_debug/checkpoint/epoch-0001_step-0009600_loss-0.325756
save checkpoint in /nvme/data/zja/diffusion/ckpts/sing2song_audioldm_debug/checkpoint/epoch-0001_step-0009700_loss-0.325513
save checkpoint in /nvme/data/zja/diffusion/ckpts/sing2song_audioldm_debug/checkpoint/epoch-0001_step-0009800_loss-0.325523
save checkpoint in /nvme/data/zja/diffusion/ckpts/sing2song_audioldm_debug/checkpoint/epoch-0001_step-0009900_loss-0.325518
save checkpoint in /nvme/data/zja/diffusion/ckpts/sing2song_audioldm_debug/checkpoint/epoch-0001_step-0010000_loss-0.325299
save checkpoint in /nvme/data/zja/diffusion/ckpts/sing2song_audioldm_debug/checkpoint/epoch-0001_step-0010100_loss-0.324976
Exprimental Configuration File: egs/ttm/latentdiffusion/audioldm/sing2song_source_sep_vae.json
Exprimental Name: sing2song_source_sep_vae
Start a new experiment...
save checkpoint in /nvme/data/zja/diffusion/ckpts/sing2song_audioldm_debug/checkpoint/epoch-0001_step-0010200_loss-0.325411
save checkpoint in /nvme/data/zja/diffusion/ckpts/sing2song_audioldm_debug/checkpoint/epoch-0001_step-0010300_loss-0.325343
save checkpoint in /nvme/data/zja/diffusion/ckpts/sing2song_audioldm_debug/checkpoint/epoch-0001_step-0010400_loss-0.325497
save checkpoint in /nvme/data/zja/diffusion/ckpts/sing2song_audioldm_debug/checkpoint/epoch-0001_step-0010500_loss-0.325401
save checkpoint in /nvme/data/zja/diffusion/ckpts/sing2song_audioldm_debug/checkpoint/epoch-0001_step-0010600_loss-0.325481
save checkpoint in /nvme/data/zja/diffusion/ckpts/sing2song_audioldm_debug/checkpoint/epoch-0001_step-0010700_loss-0.325227
save checkpoint in /nvme/data/zja/diffusion/ckpts/sing2song_audioldm_debug/checkpoint/epoch-0001_step-0010800_loss-0.324932
save checkpoint in /nvme/data/zja/diffusion/ckpts/sing2song_audioldm_debug/checkpoint/epoch-0001_step-0010900_loss-0.324983
save checkpoint in /nvme/data/zja/diffusion/ckpts/sing2song_audioldm_debug/checkpoint/epoch-0001_step-0011000_loss-0.325078
save checkpoint in /nvme/data/zja/diffusion/ckpts/sing2song_audioldm_debug/checkpoint/epoch-0001_step-0011100_loss-0.324565
save checkpoint in /nvme/data/zja/diffusion/ckpts/sing2song_audioldm_debug/checkpoint/epoch-0001_step-0011200_loss-0.324697
save checkpoint in /nvme/data/zja/diffusion/ckpts/sing2song_audioldm_debug/checkpoint/epoch-0001_step-0011300_loss-0.324495
save checkpoint in /nvme/data/zja/diffusion/ckpts/sing2song_audioldm_debug/checkpoint/epoch-0001_step-0011400_loss-0.324220
save checkpoint in /nvme/data/zja/diffusion/ckpts/sing2song_audioldm_debug/checkpoint/epoch-0001_step-0011500_loss-0.323863
save checkpoint in /nvme/data/zja/diffusion/ckpts/sing2song_audioldm_debug/checkpoint/epoch-0001_step-0011600_loss-0.323638
save checkpoint in /nvme/data/zja/diffusion/ckpts/sing2song_audioldm_debug/checkpoint/epoch-0001_step-0011700_loss-0.323627
save checkpoint in /nvme/data/zja/diffusion/ckpts/sing2song_audioldm_debug/checkpoint/epoch-0001_step-0011800_loss-0.323691
save checkpoint in /nvme/data/zja/diffusion/ckpts/sing2song_audioldm_debug/checkpoint/epoch-0001_step-0011900_loss-0.323413
save checkpoint in /nvme/data/zja/diffusion/ckpts/sing2song_audioldm_debug/checkpoint/epoch-0001_step-0012000_loss-0.323357
save checkpoint in /nvme/data/zja/diffusion/ckpts/sing2song_audioldm_debug/checkpoint/epoch-0001_step-0012100_loss-0.323116
save checkpoint in /nvme/data/zja/diffusion/ckpts/sing2song_audioldm_debug/checkpoint/epoch-0001_step-0012200_loss-0.323143
save checkpoint in /nvme/data/zja/diffusion/ckpts/sing2song_audioldm_debug/checkpoint/epoch-0001_step-0012300_loss-0.323128
save checkpoint in /nvme/data/zja/diffusion/ckpts/sing2song_audioldm_debug/checkpoint/epoch-0001_step-0012400_loss-0.323003
save checkpoint in /nvme/data/zja/diffusion/ckpts/sing2song_audioldm_debug/checkpoint/epoch-0001_step-0012500_loss-0.323082
save checkpoint in /nvme/data/zja/diffusion/ckpts/sing2song_audioldm_debug/checkpoint/epoch-0001_step-0012500_loss-0.323082
save checkpoint in /nvme/data/zja/diffusion/ckpts/sing2song_audioldm_debug/checkpoint/epoch-0002_step-0012600_loss-0.315084
save checkpoint in /nvme/data/zja/diffusion/ckpts/sing2song_audioldm_debug/checkpoint/epoch-0002_step-0012700_loss-0.309816
save checkpoint in /nvme/data/zja/diffusion/ckpts/sing2song_audioldm_debug/checkpoint/epoch-0002_step-0012800_loss-0.313894
save checkpoint in /nvme/data/zja/diffusion/ckpts/sing2song_audioldm_debug/checkpoint/epoch-0002_step-0012900_loss-0.318541
save checkpoint in /nvme/data/zja/diffusion/ckpts/sing2song_audioldm_debug/checkpoint/epoch-0002_step-0013000_loss-0.317648
save checkpoint in /nvme/data/zja/diffusion/ckpts/sing2song_audioldm_debug/checkpoint/epoch-0002_step-0013100_loss-0.317956
save checkpoint in /nvme/data/zja/diffusion/ckpts/sing2song_audioldm_debug/checkpoint/epoch-0002_step-0013200_loss-0.315832
save checkpoint in /nvme/data/zja/diffusion/ckpts/sing2song_audioldm_debug/checkpoint/epoch-0002_step-0013300_loss-0.316283
save checkpoint in /nvme/data/zja/diffusion/ckpts/sing2song_audioldm_debug/checkpoint/epoch-0002_step-0013400_loss-0.315464
save checkpoint in /nvme/data/zja/diffusion/ckpts/sing2song_audioldm_debug/checkpoint/epoch-0002_step-0013500_loss-0.314957
save checkpoint in /nvme/data/zja/diffusion/ckpts/sing2song_audioldm_debug/checkpoint/epoch-0002_step-0013600_loss-0.313593
save checkpoint in /nvme/data/zja/diffusion/ckpts/sing2song_audioldm_debug/checkpoint/epoch-0002_step-0013700_loss-0.314856
save checkpoint in /nvme/data/zja/diffusion/ckpts/sing2song_audioldm_debug/checkpoint/epoch-0002_step-0013800_loss-0.314580
save checkpoint in /nvme/data/zja/diffusion/ckpts/sing2song_audioldm_debug/checkpoint/epoch-0002_step-0013900_loss-0.315004
save checkpoint in /nvme/data/zja/diffusion/ckpts/sing2song_audioldm_debug/checkpoint/epoch-0002_step-0014000_loss-0.315438
save checkpoint in /nvme/data/zja/diffusion/ckpts/sing2song_audioldm_debug/checkpoint/epoch-0002_step-0014100_loss-0.314593
save checkpoint in /nvme/data/zja/diffusion/ckpts/sing2song_audioldm_debug/checkpoint/epoch-0002_step-0014200_loss-0.314032
save checkpoint in /nvme/data/zja/diffusion/ckpts/sing2song_audioldm_debug/checkpoint/epoch-0002_step-0014300_loss-0.313917
save checkpoint in /nvme/data/zja/diffusion/ckpts/sing2song_audioldm_debug/checkpoint/epoch-0002_step-0014400_loss-0.314254
save checkpoint in /nvme/data/zja/diffusion/ckpts/sing2song_audioldm_debug/checkpoint/epoch-0002_step-0014500_loss-0.314018
save checkpoint in /nvme/data/zja/diffusion/ckpts/sing2song_audioldm_debug/checkpoint/epoch-0002_step-0014600_loss-0.313791
save checkpoint in /nvme/data/zja/diffusion/ckpts/sing2song_audioldm_debug/checkpoint/epoch-0002_step-0014700_loss-0.313166
save checkpoint in /nvme/data/zja/diffusion/ckpts/sing2song_audioldm_debug/checkpoint/epoch-0002_step-0014800_loss-0.312740
save checkpoint in /nvme/data/zja/diffusion/ckpts/sing2song_audioldm_debug/checkpoint/epoch-0002_step-0014900_loss-0.312810
save checkpoint in /nvme/data/zja/diffusion/ckpts/sing2song_audioldm_debug/checkpoint/epoch-0002_step-0015000_loss-0.312795
save checkpoint in /nvme/data/zja/diffusion/ckpts/sing2song_audioldm_debug/checkpoint/epoch-0002_step-0015100_loss-0.312790
save checkpoint in /nvme/data/zja/diffusion/ckpts/sing2song_audioldm_debug/checkpoint/epoch-0002_step-0015200_loss-0.313266
save checkpoint in /nvme/data/zja/diffusion/ckpts/sing2song_audioldm_debug/checkpoint/epoch-0002_step-0015300_loss-0.313352
save checkpoint in /nvme/data/zja/diffusion/ckpts/sing2song_audioldm_debug/checkpoint/epoch-0002_step-0015400_loss-0.313759
save checkpoint in /nvme/data/zja/diffusion/ckpts/sing2song_audioldm_debug/checkpoint/epoch-0002_step-0015500_loss-0.313335
save checkpoint in /nvme/data/zja/diffusion/ckpts/sing2song_audioldm_debug/checkpoint/epoch-0002_step-0015600_loss-0.313179
save checkpoint in /nvme/data/zja/diffusion/ckpts/sing2song_audioldm_debug/checkpoint/epoch-0002_step-0015700_loss-0.312978
save checkpoint in /nvme/data/zja/diffusion/ckpts/sing2song_audioldm_debug/checkpoint/epoch-0002_step-0015800_loss-0.313115
save checkpoint in /nvme/data/zja/diffusion/ckpts/sing2song_audioldm_debug/checkpoint/epoch-0002_step-0015900_loss-0.312828
save checkpoint in /nvme/data/zja/diffusion/ckpts/sing2song_audioldm_debug/checkpoint/epoch-0002_step-0016000_loss-0.312866
save checkpoint in /nvme/data/zja/diffusion/ckpts/sing2song_audioldm_debug/checkpoint/epoch-0002_step-0016100_loss-0.312939
save checkpoint in /nvme/data/zja/diffusion/ckpts/sing2song_audioldm_debug/checkpoint/epoch-0002_step-0016200_loss-0.312722
save checkpoint in /nvme/data/zja/diffusion/ckpts/sing2song_audioldm_debug/checkpoint/epoch-0002_step-0016300_loss-0.313020
save checkpoint in /nvme/data/zja/diffusion/ckpts/sing2song_audioldm_debug/checkpoint/epoch-0002_step-0016400_loss-0.313019
save checkpoint in /nvme/data/zja/diffusion/ckpts/sing2song_audioldm_debug/checkpoint/epoch-0002_step-0016500_loss-0.312671
save checkpoint in /nvme/data/zja/diffusion/ckpts/sing2song_audioldm_debug/checkpoint/epoch-0002_step-0016600_loss-0.312446
save checkpoint in /nvme/data/zja/diffusion/ckpts/sing2song_audioldm_debug/checkpoint/epoch-0002_step-0016700_loss-0.312415
save checkpoint in /nvme/data/zja/diffusion/ckpts/sing2song_audioldm_debug/checkpoint/epoch-0002_step-0016800_loss-0.312613
save checkpoint in /nvme/data/zja/diffusion/ckpts/sing2song_audioldm_debug/checkpoint/epoch-0002_step-0016900_loss-0.312562
save checkpoint in /nvme/data/zja/diffusion/ckpts/sing2song_audioldm_debug/checkpoint/epoch-0002_step-0017000_loss-0.312342
save checkpoint in /nvme/data/zja/diffusion/ckpts/sing2song_audioldm_debug/checkpoint/epoch-0002_step-0017100_loss-0.311988
save checkpoint in /nvme/data/zja/diffusion/ckpts/sing2song_audioldm_debug/checkpoint/epoch-0002_step-0017200_loss-0.312018
save checkpoint in /nvme/data/zja/diffusion/ckpts/sing2song_audioldm_debug/checkpoint/epoch-0002_step-0017300_loss-0.312293
save checkpoint in /nvme/data/zja/diffusion/ckpts/sing2song_audioldm_debug/checkpoint/epoch-0002_step-0017400_loss-0.312348
save checkpoint in /nvme/data/zja/diffusion/ckpts/sing2song_audioldm_debug/checkpoint/epoch-0002_step-0017500_loss-0.312311
save checkpoint in /nvme/data/zja/diffusion/ckpts/sing2song_audioldm_debug/checkpoint/epoch-0002_step-0017600_loss-0.312206
save checkpoint in /nvme/data/zja/diffusion/ckpts/sing2song_audioldm_debug/checkpoint/epoch-0002_step-0017700_loss-0.312153
save checkpoint in /nvme/data/zja/diffusion/ckpts/sing2song_audioldm_debug/checkpoint/epoch-0002_step-0017800_loss-0.312144
save checkpoint in /nvme/data/zja/diffusion/ckpts/sing2song_audioldm_debug/checkpoint/epoch-0002_step-0017900_loss-0.312109
save checkpoint in /nvme/data/zja/diffusion/ckpts/sing2song_audioldm_debug/checkpoint/epoch-0002_step-0018000_loss-0.312215
save checkpoint in /nvme/data/zja/diffusion/ckpts/sing2song_audioldm_debug/checkpoint/epoch-0002_step-0018100_loss-0.311895
save checkpoint in /nvme/data/zja/diffusion/ckpts/sing2song_audioldm_debug/checkpoint/epoch-0002_step-0018200_loss-0.311991
save checkpoint in /nvme/data/zja/diffusion/ckpts/sing2song_audioldm_debug/checkpoint/epoch-0002_step-0018300_loss-0.311736
save checkpoint in /nvme/data/zja/diffusion/ckpts/sing2song_audioldm_debug/checkpoint/epoch-0002_step-0018400_loss-0.311791
save checkpoint in /nvme/data/zja/diffusion/ckpts/sing2song_audioldm_debug/checkpoint/epoch-0002_step-0018500_loss-0.311816
save checkpoint in /nvme/data/zja/diffusion/ckpts/sing2song_audioldm_debug/checkpoint/epoch-0002_step-0018600_loss-0.311466
save checkpoint in /nvme/data/zja/diffusion/ckpts/sing2song_audioldm_debug/checkpoint/epoch-0002_step-0018700_loss-0.311454
save checkpoint in /nvme/data/zja/diffusion/ckpts/sing2song_audioldm_debug/checkpoint/epoch-0002_step-0018750_loss-0.311688
save checkpoint in /nvme/data/zja/diffusion/ckpts/sing2song_audioldm_debug/checkpoint/epoch-0003_step-0018800_loss-0.299306
save checkpoint in /nvme/data/zja/diffusion/ckpts/sing2song_audioldm_debug/checkpoint/epoch-0003_step-0018900_loss-0.310131
save checkpoint in /nvme/data/zja/diffusion/ckpts/sing2song_audioldm_debug/checkpoint/epoch-0003_step-0019000_loss-0.307611
save checkpoint in /nvme/data/zja/diffusion/ckpts/sing2song_audioldm_debug/checkpoint/epoch-0003_step-0019100_loss-0.309374
save checkpoint in /nvme/data/zja/diffusion/ckpts/sing2song_audioldm_debug/checkpoint/epoch-0003_step-0019200_loss-0.310904
save checkpoint in /nvme/data/zja/diffusion/ckpts/sing2song_audioldm_debug/checkpoint/epoch-0003_step-0019300_loss-0.309409
save checkpoint in /nvme/data/zja/diffusion/ckpts/sing2song_audioldm_debug/checkpoint/epoch-0003_step-0019400_loss-0.310113
save checkpoint in /nvme/data/zja/diffusion/ckpts/sing2song_audioldm_debug/checkpoint/epoch-0003_step-0019500_loss-0.309166
save checkpoint in /nvme/data/zja/diffusion/ckpts/sing2song_audioldm_debug/checkpoint/epoch-0003_step-0019600_loss-0.308672
save checkpoint in /nvme/data/zja/diffusion/ckpts/sing2song_audioldm_debug/checkpoint/epoch-0003_step-0019700_loss-0.307650
save checkpoint in /nvme/data/zja/diffusion/ckpts/sing2song_audioldm_debug/checkpoint/epoch-0003_step-0019800_loss-0.306710
save checkpoint in /nvme/data/zja/diffusion/ckpts/sing2song_audioldm_debug/checkpoint/epoch-0003_step-0019900_loss-0.307649
save checkpoint in /nvme/data/zja/diffusion/ckpts/sing2song_audioldm_debug/checkpoint/epoch-0003_step-0020000_loss-0.307500
save checkpoint in /nvme/data/zja/diffusion/ckpts/sing2song_audioldm_debug/checkpoint/epoch-0003_step-0020100_loss-0.306694
save checkpoint in /nvme/data/zja/diffusion/ckpts/sing2song_audioldm_debug/checkpoint/epoch-0003_step-0020200_loss-0.306418
save checkpoint in /nvme/data/zja/diffusion/ckpts/sing2song_audioldm_debug/checkpoint/epoch-0003_step-0020300_loss-0.305467
save checkpoint in /nvme/data/zja/diffusion/ckpts/sing2song_audioldm_debug/checkpoint/epoch-0003_step-0020400_loss-0.305114
save checkpoint in /nvme/data/zja/diffusion/ckpts/sing2song_audioldm_debug/checkpoint/epoch-0003_step-0020500_loss-0.306204
save checkpoint in /nvme/data/zja/diffusion/ckpts/sing2song_audioldm_debug/checkpoint/epoch-0003_step-0020600_loss-0.306837
save checkpoint in /nvme/data/zja/diffusion/ckpts/sing2song_audioldm_debug/checkpoint/epoch-0003_step-0020700_loss-0.306734
save checkpoint in /nvme/data/zja/diffusion/ckpts/sing2song_audioldm_debug/checkpoint/epoch-0003_step-0020800_loss-0.306776
save checkpoint in /nvme/data/zja/diffusion/ckpts/sing2song_audioldm_debug/checkpoint/epoch-0003_step-0020900_loss-0.306822
save checkpoint in /nvme/data/zja/diffusion/ckpts/sing2song_audioldm_debug/checkpoint/epoch-0003_step-0021000_loss-0.306500
save checkpoint in /nvme/data/zja/diffusion/ckpts/sing2song_audioldm_debug/checkpoint/epoch-0003_step-0021100_loss-0.307183
save checkpoint in /nvme/data/zja/diffusion/ckpts/sing2song_audioldm_debug/checkpoint/epoch-0003_step-0021200_loss-0.307198
save checkpoint in /nvme/data/zja/diffusion/ckpts/sing2song_audioldm_debug/checkpoint/epoch-0003_step-0021300_loss-0.307413
save checkpoint in /nvme/data/zja/diffusion/ckpts/sing2song_audioldm_debug/checkpoint/epoch-0003_step-0021400_loss-0.307568
save checkpoint in /nvme/data/zja/diffusion/ckpts/sing2song_audioldm_debug/checkpoint/epoch-0003_step-0021500_loss-0.307661
save checkpoint in /nvme/data/zja/diffusion/ckpts/sing2song_audioldm_debug/checkpoint/epoch-0003_step-0021600_loss-0.307271
save checkpoint in /nvme/data/zja/diffusion/ckpts/sing2song_audioldm_debug/checkpoint/epoch-0003_step-0021700_loss-0.307662
save checkpoint in /nvme/data/zja/diffusion/ckpts/sing2song_audioldm_debug/checkpoint/epoch-0003_step-0021800_loss-0.307382
save checkpoint in /nvme/data/zja/diffusion/ckpts/sing2song_audioldm_debug/checkpoint/epoch-0003_step-0021900_loss-0.307277
save checkpoint in /nvme/data/zja/diffusion/ckpts/sing2song_audioldm_debug/checkpoint/epoch-0003_step-0022000_loss-0.307420
save checkpoint in /nvme/data/zja/diffusion/ckpts/sing2song_audioldm_debug/checkpoint/epoch-0003_step-0022100_loss-0.307575
save checkpoint in /nvme/data/zja/diffusion/ckpts/sing2song_audioldm_debug/checkpoint/epoch-0003_step-0022200_loss-0.307213
save checkpoint in /nvme/data/zja/diffusion/ckpts/sing2song_audioldm_debug/checkpoint/epoch-0003_step-0022300_loss-0.307529
save checkpoint in /nvme/data/zja/diffusion/ckpts/sing2song_audioldm_debug/checkpoint/epoch-0003_step-0022400_loss-0.307168
save checkpoint in /nvme/data/zja/diffusion/ckpts/sing2song_audioldm_debug/checkpoint/epoch-0003_step-0022500_loss-0.306761
save checkpoint in /nvme/data/zja/diffusion/ckpts/sing2song_audioldm_debug/checkpoint/epoch-0003_step-0022600_loss-0.306836
save checkpoint in /nvme/data/zja/diffusion/ckpts/sing2song_audioldm_debug/checkpoint/epoch-0003_step-0022700_loss-0.306586
save checkpoint in /nvme/data/zja/diffusion/ckpts/sing2song_audioldm_debug/checkpoint/epoch-0003_step-0022800_loss-0.306483
save checkpoint in /nvme/data/zja/diffusion/ckpts/sing2song_audioldm_debug/checkpoint/epoch-0003_step-0022900_loss-0.306594
save checkpoint in /nvme/data/zja/diffusion/ckpts/sing2song_audioldm_debug/checkpoint/epoch-0003_step-0023000_loss-0.306725
save checkpoint in /nvme/data/zja/diffusion/ckpts/sing2song_audioldm_debug/checkpoint/epoch-0003_step-0023100_loss-0.306463
save checkpoint in /nvme/data/zja/diffusion/ckpts/sing2song_audioldm_debug/checkpoint/epoch-0003_step-0023200_loss-0.306625
save checkpoint in /nvme/data/zja/diffusion/ckpts/sing2song_audioldm_debug/checkpoint/epoch-0003_step-0023300_loss-0.306745
save checkpoint in /nvme/data/zja/diffusion/ckpts/sing2song_audioldm_debug/checkpoint/epoch-0003_step-0023400_loss-0.306812
save checkpoint in /nvme/data/zja/diffusion/ckpts/sing2song_audioldm_debug/checkpoint/epoch-0003_step-0023500_loss-0.306904
save checkpoint in /nvme/data/zja/diffusion/ckpts/sing2song_audioldm_debug/checkpoint/epoch-0003_step-0023600_loss-0.307379
save checkpoint in /nvme/data/zja/diffusion/ckpts/sing2song_audioldm_debug/checkpoint/epoch-0003_step-0023700_loss-0.307234
save checkpoint in /nvme/data/zja/diffusion/ckpts/sing2song_audioldm_debug/checkpoint/epoch-0003_step-0023800_loss-0.307422
save checkpoint in /nvme/data/zja/diffusion/ckpts/sing2song_audioldm_debug/checkpoint/epoch-0003_step-0023900_loss-0.307466
save checkpoint in /nvme/data/zja/diffusion/ckpts/sing2song_audioldm_debug/checkpoint/epoch-0003_step-0024000_loss-0.307349
save checkpoint in /nvme/data/zja/diffusion/ckpts/sing2song_audioldm_debug/checkpoint/epoch-0003_step-0024100_loss-0.306975
save checkpoint in /nvme/data/zja/diffusion/ckpts/sing2song_audioldm_debug/checkpoint/epoch-0003_step-0024200_loss-0.306961
save checkpoint in /nvme/data/zja/diffusion/ckpts/sing2song_audioldm_debug/checkpoint/epoch-0003_step-0024300_loss-0.306974
save checkpoint in /nvme/data/zja/diffusion/ckpts/sing2song_audioldm_debug/checkpoint/epoch-0003_step-0024400_loss-0.307193
save checkpoint in /nvme/data/zja/diffusion/ckpts/sing2song_audioldm_debug/checkpoint/epoch-0003_step-0024500_loss-0.307324
save checkpoint in /nvme/data/zja/diffusion/ckpts/sing2song_audioldm_debug/checkpoint/epoch-0003_step-0024600_loss-0.307150
save checkpoint in /nvme/data/zja/diffusion/ckpts/sing2song_audioldm_debug/checkpoint/epoch-0003_step-0024700_loss-0.307308
save checkpoint in /nvme/data/zja/diffusion/ckpts/sing2song_audioldm_debug/checkpoint/epoch-0003_step-0024800_loss-0.307281
save checkpoint in /nvme/data/zja/diffusion/ckpts/sing2song_audioldm_debug/checkpoint/epoch-0003_step-0024900_loss-0.307374
save checkpoint in /nvme/data/zja/diffusion/ckpts/sing2song_audioldm_debug/checkpoint/epoch-0003_step-0025000_loss-0.307445
save checkpoint in /nvme/data/zja/diffusion/ckpts/sing2song_audioldm_debug/checkpoint/epoch-0003_step-0025000_loss-0.307445
save checkpoint in /nvme/data/zja/diffusion/ckpts/sing2song_audioldm_debug/checkpoint/epoch-0004_step-0025100_loss-0.302106
save checkpoint in /nvme/data/zja/diffusion/ckpts/sing2song_audioldm_debug/checkpoint/epoch-0004_step-0025200_loss-0.294002
save checkpoint in /nvme/data/zja/diffusion/ckpts/sing2song_audioldm_debug/checkpoint/epoch-0004_step-0025300_loss-0.300122
save checkpoint in /nvme/data/zja/diffusion/ckpts/sing2song_audioldm_debug/checkpoint/epoch-0004_step-0025400_loss-0.299543
save checkpoint in /nvme/data/zja/diffusion/ckpts/sing2song_audioldm_debug/checkpoint/epoch-0004_step-0025500_loss-0.296952
save checkpoint in /nvme/data/zja/diffusion/ckpts/sing2song_audioldm_debug/checkpoint/epoch-0004_step-0025600_loss-0.300432
save checkpoint in /nvme/data/zja/diffusion/ckpts/sing2song_audioldm_debug/checkpoint/epoch-0004_step-0025700_loss-0.299810
save checkpoint in /nvme/data/zja/diffusion/ckpts/sing2song_audioldm_debug/checkpoint/epoch-0004_step-0025800_loss-0.302222
save checkpoint in /nvme/data/zja/diffusion/ckpts/sing2song_audioldm_debug/checkpoint/epoch-0004_step-0025900_loss-0.302227
save checkpoint in /nvme/data/zja/diffusion/ckpts/sing2song_audioldm_debug/checkpoint/epoch-0004_step-0026000_loss-0.300779
save checkpoint in /nvme/data/zja/diffusion/ckpts/sing2song_audioldm_debug/checkpoint/epoch-0004_step-0026100_loss-0.300313
save checkpoint in /nvme/data/zja/diffusion/ckpts/sing2song_audioldm_debug/checkpoint/epoch-0004_step-0026200_loss-0.300015
save checkpoint in /nvme/data/zja/diffusion/ckpts/sing2song_audioldm_debug/checkpoint/epoch-0004_step-0026300_loss-0.300849
save checkpoint in /nvme/data/zja/diffusion/ckpts/sing2song_audioldm_debug/checkpoint/epoch-0004_step-0026400_loss-0.302042
save checkpoint in /nvme/data/zja/diffusion/ckpts/sing2song_audioldm_debug/checkpoint/epoch-0004_step-0026500_loss-0.302143
save checkpoint in /nvme/data/zja/diffusion/ckpts/sing2song_audioldm_debug/checkpoint/epoch-0004_step-0026600_loss-0.302583
save checkpoint in /nvme/data/zja/diffusion/ckpts/sing2song_audioldm_debug/checkpoint/epoch-0004_step-0026700_loss-0.302232
save checkpoint in /nvme/data/zja/diffusion/ckpts/sing2song_audioldm_debug/checkpoint/epoch-0004_step-0026800_loss-0.302057
save checkpoint in /nvme/data/zja/diffusion/ckpts/sing2song_audioldm_debug/checkpoint/epoch-0004_step-0026900_loss-0.303177
save checkpoint in /nvme/data/zja/diffusion/ckpts/sing2song_audioldm_debug/checkpoint/epoch-0004_step-0027000_loss-0.303948
save checkpoint in /nvme/data/zja/diffusion/ckpts/sing2song_audioldm_debug/checkpoint/epoch-0004_step-0027100_loss-0.303931
save checkpoint in /nvme/data/zja/diffusion/ckpts/sing2song_audioldm_debug/checkpoint/epoch-0004_step-0027200_loss-0.303092
save checkpoint in /nvme/data/zja/diffusion/ckpts/sing2song_audioldm_debug/checkpoint/epoch-0004_step-0027300_loss-0.302584
save checkpoint in /nvme/data/zja/diffusion/ckpts/sing2song_audioldm_debug/checkpoint/epoch-0004_step-0027400_loss-0.302870
save checkpoint in /nvme/data/zja/diffusion/ckpts/sing2song_audioldm_debug/checkpoint/epoch-0004_step-0027500_loss-0.303294
save checkpoint in /nvme/data/zja/diffusion/ckpts/sing2song_audioldm_debug/checkpoint/epoch-0004_step-0027600_loss-0.303643
Exprimental Configuration File: egs/ttm/latentdiffusion/audioldm/sing2song_source_sep.json
Exprimental Name: sing2song_audioldm
Start a new experiment...
Exprimental Configuration File: egs/ttm/latentdiffusion/audioldm/sing2song_source_sep.json
Exprimental Name: sing2song_audioldm
Start a new experiment...
Removing weight norm...
Removing weight norm...
Removing weight norm...
Removing weight norm...
Removing weight norm...
Removing weight norm...
Removing weight norm...
Removing weight norm...
save checkpoint in /nvme/data/zja/diffusion/ckpts/sing2song_audioldm/checkpoint/epoch-0000_step-0000100_loss-0.552796
save checkpoint in /nvme/data/zja/diffusion/ckpts/sing2song_audioldm/checkpoint/epoch-0000_step-0000200_loss-0.476988
save checkpoint in /nvme/data/zja/diffusion/ckpts/sing2song_audioldm/checkpoint/epoch-0000_step-0000300_loss-0.450605
save checkpoint in /nvme/data/zja/diffusion/ckpts/sing2song_audioldm/checkpoint/epoch-0000_step-0000400_loss-0.434544
save checkpoint in /nvme/data/zja/diffusion/ckpts/sing2song_audioldm/checkpoint/epoch-0000_step-0000500_loss-0.421139
save checkpoint in /nvme/data/zja/diffusion/ckpts/sing2song_audioldm/checkpoint/epoch-0000_step-0000600_loss-0.412962
save checkpoint in /nvme/data/zja/diffusion/ckpts/sing2song_audioldm/checkpoint/epoch-0000_step-0000700_loss-0.405841
save checkpoint in /nvme/data/zja/diffusion/ckpts/sing2song_audioldm/checkpoint/epoch-0000_step-0000800_loss-0.401970
save checkpoint in /nvme/data/zja/diffusion/ckpts/sing2song_audioldm/checkpoint/epoch-0000_step-0000900_loss-0.397840
save checkpoint in /nvme/data/zja/diffusion/ckpts/sing2song_audioldm/checkpoint/epoch-0000_step-0001000_loss-0.395041
save checkpoint in /nvme/data/zja/diffusion/ckpts/sing2song_audioldm/checkpoint/epoch-0000_step-0001100_loss-0.392720
save checkpoint in /nvme/data/zja/diffusion/ckpts/sing2song_audioldm/checkpoint/epoch-0000_step-0001200_loss-0.390828
save checkpoint in /nvme/data/zja/diffusion/ckpts/sing2song_audioldm/checkpoint/epoch-0000_step-0001300_loss-0.388218
save checkpoint in /nvme/data/zja/diffusion/ckpts/sing2song_audioldm/checkpoint/epoch-0000_step-0001400_loss-0.385708
save checkpoint in /nvme/data/zja/diffusion/ckpts/sing2song_audioldm/checkpoint/epoch-0000_step-0001500_loss-0.383808
save checkpoint in /nvme/data/zja/diffusion/ckpts/sing2song_audioldm/checkpoint/epoch-0000_step-0001600_loss-0.382935
save checkpoint in /nvme/data/zja/diffusion/ckpts/sing2song_audioldm/checkpoint/epoch-0000_step-0001700_loss-0.381761
save checkpoint in /nvme/data/zja/diffusion/ckpts/sing2song_audioldm/checkpoint/epoch-0000_step-0001800_loss-0.379665
save checkpoint in /nvme/data/zja/diffusion/ckpts/sing2song_audioldm/checkpoint/epoch-0000_step-0001900_loss-0.378269
save checkpoint in /nvme/data/zja/diffusion/ckpts/sing2song_audioldm/checkpoint/epoch-0000_step-0002000_loss-0.377419
save checkpoint in /nvme/data/zja/diffusion/ckpts/sing2song_audioldm/checkpoint/epoch-0000_step-0002100_loss-0.376376
save checkpoint in /nvme/data/zja/diffusion/ckpts/sing2song_audioldm/checkpoint/epoch-0000_step-0002200_loss-0.375014
save checkpoint in /nvme/data/zja/diffusion/ckpts/sing2song_audioldm/checkpoint/epoch-0000_step-0002300_loss-0.373366
save checkpoint in /nvme/data/zja/diffusion/ckpts/sing2song_audioldm/checkpoint/epoch-0000_step-0002400_loss-0.372827
save checkpoint in /nvme/data/zja/diffusion/ckpts/sing2song_audioldm/checkpoint/epoch-0000_step-0002500_loss-0.371556
save checkpoint in /nvme/data/zja/diffusion/ckpts/sing2song_audioldm/checkpoint/epoch-0000_step-0002600_loss-0.371421
save checkpoint in /nvme/data/zja/diffusion/ckpts/sing2song_audioldm/checkpoint/epoch-0000_step-0002700_loss-0.370072
save checkpoint in /nvme/data/zja/diffusion/ckpts/sing2song_audioldm/checkpoint/epoch-0000_step-0002800_loss-0.369060
save checkpoint in /nvme/data/zja/diffusion/ckpts/sing2song_audioldm/checkpoint/epoch-0000_step-0002900_loss-0.367662
save checkpoint in /nvme/data/zja/diffusion/ckpts/sing2song_audioldm/checkpoint/epoch-0000_step-0003000_loss-0.367135
save checkpoint in /nvme/data/zja/diffusion/ckpts/sing2song_audioldm/checkpoint/epoch-0000_step-0003100_loss-0.366141
save checkpoint in /nvme/data/zja/diffusion/ckpts/sing2song_audioldm/checkpoint/epoch-0000_step-0003200_loss-0.364725
save checkpoint in /nvme/data/zja/diffusion/ckpts/sing2song_audioldm/checkpoint/epoch-0000_step-0003300_loss-0.363997
save checkpoint in /nvme/data/zja/diffusion/ckpts/sing2song_audioldm/checkpoint/epoch-0000_step-0003400_loss-0.363045
save checkpoint in /nvme/data/zja/diffusion/ckpts/sing2song_audioldm/checkpoint/epoch-0000_step-0003500_loss-0.362188
save checkpoint in /nvme/data/zja/diffusion/ckpts/sing2song_audioldm/checkpoint/epoch-0000_step-0003600_loss-0.361801
save checkpoint in /nvme/data/zja/diffusion/ckpts/sing2song_audioldm/checkpoint/epoch-0000_step-0003700_loss-0.360833
save checkpoint in /nvme/data/zja/diffusion/ckpts/sing2song_audioldm/checkpoint/epoch-0000_step-0003800_loss-0.359947
save checkpoint in /nvme/data/zja/diffusion/ckpts/sing2song_audioldm/checkpoint/epoch-0000_step-0003900_loss-0.359068
save checkpoint in /nvme/data/zja/diffusion/ckpts/sing2song_audioldm/checkpoint/epoch-0000_step-0004000_loss-0.358224
save checkpoint in /nvme/data/zja/diffusion/ckpts/sing2song_audioldm/checkpoint/epoch-0000_step-0004100_loss-0.357380
save checkpoint in /nvme/data/zja/diffusion/ckpts/sing2song_audioldm/checkpoint/epoch-0000_step-0004200_loss-0.356661
save checkpoint in /nvme/data/zja/diffusion/ckpts/sing2song_audioldm/checkpoint/epoch-0000_step-0004300_loss-0.355929
save checkpoint in /nvme/data/zja/diffusion/ckpts/sing2song_audioldm/checkpoint/epoch-0000_step-0004400_loss-0.355137
save checkpoint in /nvme/data/zja/diffusion/ckpts/sing2song_audioldm/checkpoint/epoch-0000_step-0004500_loss-0.354491
save checkpoint in /nvme/data/zja/diffusion/ckpts/sing2song_audioldm/checkpoint/epoch-0000_step-0004600_loss-0.353399
save checkpoint in /nvme/data/zja/diffusion/ckpts/sing2song_audioldm/checkpoint/epoch-0000_step-0004700_loss-0.352949
save checkpoint in /nvme/data/zja/diffusion/ckpts/sing2song_audioldm/checkpoint/epoch-0000_step-0004800_loss-0.352662
save checkpoint in /nvme/data/zja/diffusion/ckpts/sing2song_audioldm/checkpoint/epoch-0000_step-0004900_loss-0.352111
save checkpoint in /nvme/data/zja/diffusion/ckpts/sing2song_audioldm/checkpoint/epoch-0000_step-0005000_loss-0.352029
save checkpoint in /nvme/data/zja/diffusion/ckpts/sing2song_audioldm/checkpoint/epoch-0000_step-0005100_loss-0.351780
save checkpoint in /nvme/data/zja/diffusion/ckpts/sing2song_audioldm/checkpoint/epoch-0000_step-0005200_loss-0.351276
save checkpoint in /nvme/data/zja/diffusion/ckpts/sing2song_audioldm/checkpoint/epoch-0000_step-0005300_loss-0.350995
save checkpoint in /nvme/data/zja/diffusion/ckpts/sing2song_audioldm/checkpoint/epoch-0000_step-0005400_loss-0.350505
save checkpoint in /nvme/data/zja/diffusion/ckpts/sing2song_audioldm/checkpoint/epoch-0000_step-0005500_loss-0.350111
save checkpoint in /nvme/data/zja/diffusion/ckpts/sing2song_audioldm/checkpoint/epoch-0000_step-0005600_loss-0.349516
save checkpoint in /nvme/data/zja/diffusion/ckpts/sing2song_audioldm/checkpoint/epoch-0000_step-0005700_loss-0.349254
save checkpoint in /nvme/data/zja/diffusion/ckpts/sing2song_audioldm/checkpoint/epoch-0000_step-0005800_loss-0.348886
save checkpoint in /nvme/data/zja/diffusion/ckpts/sing2song_audioldm/checkpoint/epoch-0000_step-0005900_loss-0.348423
save checkpoint in /nvme/data/zja/diffusion/ckpts/sing2song_audioldm/checkpoint/epoch-0000_step-0006000_loss-0.348083
save checkpoint in /nvme/data/zja/diffusion/ckpts/sing2song_audioldm/checkpoint/epoch-0000_step-0006100_loss-0.347565
save checkpoint in /nvme/data/zja/diffusion/ckpts/sing2song_audioldm/checkpoint/epoch-0000_step-0006200_loss-0.347131
save checkpoint in /nvme/data/zja/diffusion/ckpts/sing2song_audioldm/checkpoint/epoch-0000_step-0006300_loss-0.346796
save checkpoint in /nvme/data/zja/diffusion/ckpts/sing2song_audioldm/checkpoint/epoch-0000_step-0006400_loss-0.346448
save checkpoint in /nvme/data/zja/diffusion/ckpts/sing2song_audioldm/checkpoint/epoch-0000_step-0006500_loss-0.346231
save checkpoint in /nvme/data/zja/diffusion/ckpts/sing2song_audioldm/checkpoint/epoch-0000_step-0006600_loss-0.345968
save checkpoint in /nvme/data/zja/diffusion/ckpts/sing2song_audioldm/checkpoint/epoch-0000_step-0006700_loss-0.345377
save checkpoint in /nvme/data/zja/diffusion/ckpts/sing2song_audioldm/checkpoint/epoch-0000_step-0006800_loss-0.345013
save checkpoint in /nvme/data/zja/diffusion/ckpts/sing2song_audioldm/checkpoint/epoch-0000_step-0006900_loss-0.344809
save checkpoint in /nvme/data/zja/diffusion/ckpts/sing2song_audioldm/checkpoint/epoch-0000_step-0007000_loss-0.344381
save checkpoint in /nvme/data/zja/diffusion/ckpts/sing2song_audioldm/checkpoint/epoch-0000_step-0007100_loss-0.344114
save checkpoint in /nvme/data/zja/diffusion/ckpts/sing2song_audioldm/checkpoint/epoch-0000_step-0007200_loss-0.343830
save checkpoint in /nvme/data/zja/diffusion/ckpts/sing2song_audioldm/checkpoint/epoch-0000_step-0007300_loss-0.343269
save checkpoint in /nvme/data/zja/diffusion/ckpts/sing2song_audioldm/checkpoint/epoch-0000_step-0007400_loss-0.342699
save checkpoint in /nvme/data/zja/diffusion/ckpts/sing2song_audioldm/checkpoint/epoch-0000_step-0007500_loss-0.342377
save checkpoint in /nvme/data/zja/diffusion/ckpts/sing2song_audioldm/checkpoint/epoch-0000_step-0007600_loss-0.342125
save checkpoint in /nvme/data/zja/diffusion/ckpts/sing2song_audioldm/checkpoint/epoch-0000_step-0007700_loss-0.341796
save checkpoint in /nvme/data/zja/diffusion/ckpts/sing2song_audioldm/checkpoint/epoch-0000_step-0007800_loss-0.341513
save checkpoint in /nvme/data/zja/diffusion/ckpts/sing2song_audioldm/checkpoint/epoch-0000_step-0007900_loss-0.341399
save checkpoint in /nvme/data/zja/diffusion/ckpts/sing2song_audioldm/checkpoint/epoch-0000_step-0008000_loss-0.340952
save checkpoint in /nvme/data/zja/diffusion/ckpts/sing2song_audioldm/checkpoint/epoch-0000_step-0008100_loss-0.340638
save checkpoint in /nvme/data/zja/diffusion/ckpts/sing2song_audioldm/checkpoint/epoch-0000_step-0008200_loss-0.340439
save checkpoint in /nvme/data/zja/diffusion/ckpts/sing2song_audioldm/checkpoint/epoch-0000_step-0008300_loss-0.340221
save checkpoint in /nvme/data/zja/diffusion/ckpts/sing2song_audioldm/checkpoint/epoch-0000_step-0008400_loss-0.339728
save checkpoint in /nvme/data/zja/diffusion/ckpts/sing2song_audioldm/checkpoint/epoch-0000_step-0008500_loss-0.339447
save checkpoint in /nvme/data/zja/diffusion/ckpts/sing2song_audioldm/checkpoint/epoch-0000_step-0008600_loss-0.339258
save checkpoint in /nvme/data/zja/diffusion/ckpts/sing2song_audioldm/checkpoint/epoch-0000_step-0008700_loss-0.338965
save checkpoint in /nvme/data/zja/diffusion/ckpts/sing2song_audioldm/checkpoint/epoch-0000_step-0008800_loss-0.338803
save checkpoint in /nvme/data/zja/diffusion/ckpts/sing2song_audioldm/checkpoint/epoch-0000_step-0008900_loss-0.338502
save checkpoint in /nvme/data/zja/diffusion/ckpts/sing2song_audioldm/checkpoint/epoch-0000_step-0009000_loss-0.338412
save checkpoint in /nvme/data/zja/diffusion/ckpts/sing2song_audioldm/checkpoint/epoch-0000_step-0009100_loss-0.338079
save checkpoint in /nvme/data/zja/diffusion/ckpts/sing2song_audioldm/checkpoint/epoch-0000_step-0009200_loss-0.337804
save checkpoint in /nvme/data/zja/diffusion/ckpts/sing2song_audioldm/checkpoint/epoch-0000_step-0009300_loss-0.337561
save checkpoint in /nvme/data/zja/diffusion/ckpts/sing2song_audioldm/checkpoint/epoch-0000_step-0009400_loss-0.337528
save checkpoint in /nvme/data/zja/diffusion/ckpts/sing2song_audioldm/checkpoint/epoch-0000_step-0009500_loss-0.337439
save checkpoint in /nvme/data/zja/diffusion/ckpts/sing2song_audioldm/checkpoint/epoch-0000_step-0009600_loss-0.337317
save checkpoint in /nvme/data/zja/diffusion/ckpts/sing2song_audioldm/checkpoint/epoch-0000_step-0009700_loss-0.337061
save checkpoint in /nvme/data/zja/diffusion/ckpts/sing2song_audioldm/checkpoint/epoch-0000_step-0009800_loss-0.336872
save checkpoint in /nvme/data/zja/diffusion/ckpts/sing2song_audioldm/checkpoint/epoch-0000_step-0009900_loss-0.336726
save checkpoint in /nvme/data/zja/diffusion/ckpts/sing2song_audioldm/checkpoint/epoch-0000_step-0010000_loss-0.336451
save checkpoint in /nvme/data/zja/diffusion/ckpts/sing2song_audioldm/checkpoint/epoch-0000_step-0010100_loss-0.336206
save checkpoint in /nvme/data/zja/diffusion/ckpts/sing2song_audioldm/checkpoint/epoch-0000_step-0010200_loss-0.336122
save checkpoint in /nvme/data/zja/diffusion/ckpts/sing2song_audioldm/checkpoint/epoch-0000_step-0010300_loss-0.335943
save checkpoint in /nvme/data/zja/diffusion/ckpts/sing2song_audioldm/checkpoint/epoch-0000_step-0010400_loss-0.335812
save checkpoint in /nvme/data/zja/diffusion/ckpts/sing2song_audioldm/checkpoint/epoch-0000_step-0010500_loss-0.335633
save checkpoint in /nvme/data/zja/diffusion/ckpts/sing2song_audioldm/checkpoint/epoch-0000_step-0010600_loss-0.335506
save checkpoint in /nvme/data/zja/diffusion/ckpts/sing2song_audioldm/checkpoint/epoch-0000_step-0010700_loss-0.335258
save checkpoint in /nvme/data/zja/diffusion/ckpts/sing2song_audioldm/checkpoint/epoch-0000_step-0010800_loss-0.334974
save checkpoint in /nvme/data/zja/diffusion/ckpts/sing2song_audioldm/checkpoint/epoch-0000_step-0010900_loss-0.334847
save checkpoint in /nvme/data/zja/diffusion/ckpts/sing2song_audioldm/checkpoint/epoch-0000_step-0011000_loss-0.334696
save checkpoint in /nvme/data/zja/diffusion/ckpts/sing2song_audioldm/checkpoint/epoch-0000_step-0011100_loss-0.334312
save checkpoint in /nvme/data/zja/diffusion/ckpts/sing2song_audioldm/checkpoint/epoch-0000_step-0011200_loss-0.334175
save checkpoint in /nvme/data/zja/diffusion/ckpts/sing2song_audioldm/checkpoint/epoch-0000_step-0011300_loss-0.333964
save checkpoint in /nvme/data/zja/diffusion/ckpts/sing2song_audioldm/checkpoint/epoch-0000_step-0011400_loss-0.333678
save checkpoint in /nvme/data/zja/diffusion/ckpts/sing2song_audioldm/checkpoint/epoch-0000_step-0011500_loss-0.333365
save checkpoint in /nvme/data/zja/diffusion/ckpts/sing2song_audioldm/checkpoint/epoch-0000_step-0011600_loss-0.333135
save checkpoint in /nvme/data/zja/diffusion/ckpts/sing2song_audioldm/checkpoint/epoch-0000_step-0011700_loss-0.333005
save checkpoint in /nvme/data/zja/diffusion/ckpts/sing2song_audioldm/checkpoint/epoch-0000_step-0011800_loss-0.332870
save checkpoint in /nvme/data/zja/diffusion/ckpts/sing2song_audioldm/checkpoint/epoch-0000_step-0011900_loss-0.332594
save checkpoint in /nvme/data/zja/diffusion/ckpts/sing2song_audioldm/checkpoint/epoch-0000_step-0012000_loss-0.332439
save checkpoint in /nvme/data/zja/diffusion/ckpts/sing2song_audioldm/checkpoint/epoch-0000_step-0012100_loss-0.332215
save checkpoint in /nvme/data/zja/diffusion/ckpts/sing2song_audioldm/checkpoint/epoch-0000_step-0012200_loss-0.332101
save checkpoint in /nvme/data/zja/diffusion/ckpts/sing2song_audioldm/checkpoint/epoch-0000_step-0012300_loss-0.331989
save checkpoint in /nvme/data/zja/diffusion/ckpts/sing2song_audioldm/checkpoint/epoch-0000_step-0012400_loss-0.331819
save checkpoint in /nvme/data/zja/diffusion/ckpts/sing2song_audioldm/checkpoint/epoch-0000_step-0012500_loss-0.331680
save checkpoint in /nvme/data/zja/diffusion/ckpts/sing2song_audioldm/checkpoint/epoch-0000_step-0012600_loss-0.331506
save checkpoint in /nvme/data/zja/diffusion/ckpts/sing2song_audioldm/checkpoint/epoch-0000_step-0012700_loss-0.331272
save checkpoint in /nvme/data/zja/diffusion/ckpts/sing2song_audioldm/checkpoint/epoch-0000_step-0012800_loss-0.331174
save checkpoint in /nvme/data/zja/diffusion/ckpts/sing2song_audioldm/checkpoint/epoch-0000_step-0012900_loss-0.331086
save checkpoint in /nvme/data/zja/diffusion/ckpts/sing2song_audioldm/checkpoint/epoch-0000_step-0013000_loss-0.330936
save checkpoint in /nvme/data/zja/diffusion/ckpts/sing2song_audioldm/checkpoint/epoch-0000_step-0013100_loss-0.330835
save checkpoint in /nvme/data/zja/diffusion/ckpts/sing2song_audioldm/checkpoint/epoch-0000_step-0013200_loss-0.330583
save checkpoint in /nvme/data/zja/diffusion/ckpts/sing2song_audioldm/checkpoint/epoch-0000_step-0013300_loss-0.330435
save checkpoint in /nvme/data/zja/diffusion/ckpts/sing2song_audioldm/checkpoint/epoch-0000_step-0013400_loss-0.330246
save checkpoint in /nvme/data/zja/diffusion/ckpts/sing2song_audioldm/checkpoint/epoch-0000_step-0013500_loss-0.330042
save checkpoint in /nvme/data/zja/diffusion/ckpts/sing2song_audioldm/checkpoint/epoch-0000_step-0013600_loss-0.329819
save checkpoint in /nvme/data/zja/diffusion/ckpts/sing2song_audioldm/checkpoint/epoch-0000_step-0013700_loss-0.329732
save checkpoint in /nvme/data/zja/diffusion/ckpts/sing2song_audioldm/checkpoint/epoch-0000_step-0013800_loss-0.329546
save checkpoint in /nvme/data/zja/diffusion/ckpts/sing2song_audioldm/checkpoint/epoch-0000_step-0013900_loss-0.329424
save checkpoint in /nvme/data/zja/diffusion/ckpts/sing2song_audioldm/checkpoint/epoch-0000_step-0014000_loss-0.329309
save checkpoint in /nvme/data/zja/diffusion/ckpts/sing2song_audioldm/checkpoint/epoch-0000_step-0014100_loss-0.329067
save checkpoint in /nvme/data/zja/diffusion/ckpts/sing2song_audioldm/checkpoint/epoch-0000_step-0014200_loss-0.328871
save checkpoint in /nvme/data/zja/diffusion/ckpts/sing2song_audioldm/checkpoint/epoch-0000_step-0014300_loss-0.328731
save checkpoint in /nvme/data/zja/diffusion/ckpts/sing2song_audioldm/checkpoint/epoch-0000_step-0014400_loss-0.328636
save checkpoint in /nvme/data/zja/diffusion/ckpts/sing2song_audioldm/checkpoint/epoch-0000_step-0014500_loss-0.328443
save checkpoint in /nvme/data/zja/diffusion/ckpts/sing2song_audioldm/checkpoint/epoch-0000_step-0014600_loss-0.328282
save checkpoint in /nvme/data/zja/diffusion/ckpts/sing2song_audioldm/checkpoint/epoch-0000_step-0014700_loss-0.328031
save checkpoint in /nvme/data/zja/diffusion/ckpts/sing2song_audioldm/checkpoint/epoch-0000_step-0014800_loss-0.327839
save checkpoint in /nvme/data/zja/diffusion/ckpts/sing2song_audioldm/checkpoint/epoch-0000_step-0014900_loss-0.327663
save checkpoint in /nvme/data/zja/diffusion/ckpts/sing2song_audioldm/checkpoint/epoch-0000_step-0015000_loss-0.327561
save checkpoint in /nvme/data/zja/diffusion/ckpts/sing2song_audioldm/checkpoint/epoch-0000_step-0015100_loss-0.327414
save checkpoint in /nvme/data/zja/diffusion/ckpts/sing2song_audioldm/checkpoint/epoch-0000_step-0015200_loss-0.327390
save checkpoint in /nvme/data/zja/diffusion/ckpts/sing2song_audioldm/checkpoint/epoch-0000_step-0015300_loss-0.327204
save checkpoint in /nvme/data/zja/diffusion/ckpts/sing2song_audioldm/checkpoint/epoch-0000_step-0015400_loss-0.327147
save checkpoint in /nvme/data/zja/diffusion/ckpts/sing2song_audioldm/checkpoint/epoch-0000_step-0015500_loss-0.326975
save checkpoint in /nvme/data/zja/diffusion/ckpts/sing2song_audioldm/checkpoint/epoch-0000_step-0015600_loss-0.326796
save checkpoint in /nvme/data/zja/diffusion/ckpts/sing2song_audioldm/checkpoint/epoch-0000_step-0015700_loss-0.326655
save checkpoint in /nvme/data/zja/diffusion/ckpts/sing2song_audioldm/checkpoint/epoch-0000_step-0015800_loss-0.326544
save checkpoint in /nvme/data/zja/diffusion/ckpts/sing2song_audioldm/checkpoint/epoch-0000_step-0015900_loss-0.326372
save checkpoint in /nvme/data/zja/diffusion/ckpts/sing2song_audioldm/checkpoint/epoch-0000_step-0016000_loss-0.326282
save checkpoint in /nvme/data/zja/diffusion/ckpts/sing2song_audioldm/checkpoint/epoch-0000_step-0016100_loss-0.326174
save checkpoint in /nvme/data/zja/diffusion/ckpts/sing2song_audioldm/checkpoint/epoch-0000_step-0016200_loss-0.326051
save checkpoint in /nvme/data/zja/diffusion/ckpts/sing2song_audioldm/checkpoint/epoch-0000_step-0016300_loss-0.325957
save checkpoint in /nvme/data/zja/diffusion/ckpts/sing2song_audioldm/checkpoint/epoch-0000_step-0016400_loss-0.325826
save checkpoint in /nvme/data/zja/diffusion/ckpts/sing2song_audioldm/checkpoint/epoch-0000_step-0016500_loss-0.325662
save checkpoint in /nvme/data/zja/diffusion/ckpts/sing2song_audioldm/checkpoint/epoch-0000_step-0016600_loss-0.325490
save checkpoint in /nvme/data/zja/diffusion/ckpts/sing2song_audioldm/checkpoint/epoch-0000_step-0016700_loss-0.325401
save checkpoint in /nvme/data/zja/diffusion/ckpts/sing2song_audioldm/checkpoint/epoch-0000_step-0016800_loss-0.325327
save checkpoint in /nvme/data/zja/diffusion/ckpts/sing2song_audioldm/checkpoint/epoch-0000_step-0016900_loss-0.325186
save checkpoint in /nvme/data/zja/diffusion/ckpts/sing2song_audioldm/checkpoint/epoch-0000_step-0017000_loss-0.324988
save checkpoint in /nvme/data/zja/diffusion/ckpts/sing2song_audioldm/checkpoint/epoch-0000_step-0017100_loss-0.324842
save checkpoint in /nvme/data/zja/diffusion/ckpts/sing2song_audioldm/checkpoint/epoch-0000_step-0017200_loss-0.324708
save checkpoint in /nvme/data/zja/diffusion/ckpts/sing2song_audioldm/checkpoint/epoch-0000_step-0017300_loss-0.324689
save checkpoint in /nvme/data/zja/diffusion/ckpts/sing2song_audioldm/checkpoint/epoch-0000_step-0017400_loss-0.324594
save checkpoint in /nvme/data/zja/diffusion/ckpts/sing2song_audioldm/checkpoint/epoch-0000_step-0017500_loss-0.324498
save checkpoint in /nvme/data/zja/diffusion/ckpts/sing2song_audioldm/checkpoint/epoch-0000_step-0017600_loss-0.324347
save checkpoint in /nvme/data/zja/diffusion/ckpts/sing2song_audioldm/checkpoint/epoch-0000_step-0017700_loss-0.324273
save checkpoint in /nvme/data/zja/diffusion/ckpts/sing2song_audioldm/checkpoint/epoch-0000_step-0017800_loss-0.324158
save checkpoint in /nvme/data/zja/diffusion/ckpts/sing2song_audioldm/checkpoint/epoch-0000_step-0017900_loss-0.324088
save checkpoint in /nvme/data/zja/diffusion/ckpts/sing2song_audioldm/checkpoint/epoch-0000_step-0018000_loss-0.324034
save checkpoint in /nvme/data/zja/diffusion/ckpts/sing2song_audioldm/checkpoint/epoch-0000_step-0018100_loss-0.323857
save checkpoint in /nvme/data/zja/diffusion/ckpts/sing2song_audioldm/checkpoint/epoch-0000_step-0018200_loss-0.323776
save checkpoint in /nvme/data/zja/diffusion/ckpts/sing2song_audioldm/checkpoint/epoch-0000_step-0018300_loss-0.323606
save checkpoint in /nvme/data/zja/diffusion/ckpts/sing2song_audioldm/checkpoint/epoch-0000_step-0018400_loss-0.323522
save checkpoint in /nvme/data/zja/diffusion/ckpts/sing2song_audioldm/checkpoint/epoch-0000_step-0018500_loss-0.323459
save checkpoint in /nvme/data/zja/diffusion/ckpts/sing2song_audioldm/checkpoint/epoch-0000_step-0018600_loss-0.323254
save checkpoint in /nvme/data/zja/diffusion/ckpts/sing2song_audioldm/checkpoint/epoch-0000_step-0018700_loss-0.323149
save checkpoint in /nvme/data/zja/diffusion/ckpts/sing2song_audioldm/checkpoint/epoch-0000_step-0018800_loss-0.323090
save checkpoint in /nvme/data/zja/diffusion/ckpts/sing2song_audioldm/checkpoint/epoch-0000_step-0018900_loss-0.323020
save checkpoint in /nvme/data/zja/diffusion/ckpts/sing2song_audioldm/checkpoint/epoch-0000_step-0019000_loss-0.322913
save checkpoint in /nvme/data/zja/diffusion/ckpts/sing2song_audioldm/checkpoint/epoch-0000_step-0019100_loss-0.322806
save checkpoint in /nvme/data/zja/diffusion/ckpts/sing2song_audioldm/checkpoint/epoch-0000_step-0019200_loss-0.322773
save checkpoint in /nvme/data/zja/diffusion/ckpts/sing2song_audioldm/checkpoint/epoch-0000_step-0019300_loss-0.322628
save checkpoint in /nvme/data/zja/diffusion/ckpts/sing2song_audioldm/checkpoint/epoch-0000_step-0019400_loss-0.322559
save checkpoint in /nvme/data/zja/diffusion/ckpts/sing2song_audioldm/checkpoint/epoch-0000_step-0019500_loss-0.322427
save checkpoint in /nvme/data/zja/diffusion/ckpts/sing2song_audioldm/checkpoint/epoch-0000_step-0019600_loss-0.322335
save checkpoint in /nvme/data/zja/diffusion/ckpts/sing2song_audioldm/checkpoint/epoch-0000_step-0019700_loss-0.322185
save checkpoint in /nvme/data/zja/diffusion/ckpts/sing2song_audioldm/checkpoint/epoch-0000_step-0019800_loss-0.322026
save checkpoint in /nvme/data/zja/diffusion/ckpts/sing2song_audioldm/checkpoint/epoch-0000_step-0019900_loss-0.322013
save checkpoint in /nvme/data/zja/diffusion/ckpts/sing2song_audioldm/checkpoint/epoch-0000_step-0020000_loss-0.321908
save checkpoint in /nvme/data/zja/diffusion/ckpts/sing2song_audioldm/checkpoint/epoch-0000_step-0020100_loss-0.321785
save checkpoint in /nvme/data/zja/diffusion/ckpts/sing2song_audioldm/checkpoint/epoch-0000_step-0020200_loss-0.321650
save checkpoint in /nvme/data/zja/diffusion/ckpts/sing2song_audioldm/checkpoint/epoch-0000_step-0020300_loss-0.321484
save checkpoint in /nvme/data/zja/diffusion/ckpts/sing2song_audioldm/checkpoint/epoch-0000_step-0020400_loss-0.321349
save checkpoint in /nvme/data/zja/diffusion/ckpts/sing2song_audioldm/checkpoint/epoch-0000_step-0020500_loss-0.321351
save checkpoint in /nvme/data/zja/diffusion/ckpts/sing2song_audioldm/checkpoint/epoch-0000_step-0020600_loss-0.321284
save checkpoint in /nvme/data/zja/diffusion/ckpts/sing2song_audioldm/checkpoint/epoch-0000_step-0020700_loss-0.321149
save checkpoint in /nvme/data/zja/diffusion/ckpts/sing2song_audioldm/checkpoint/epoch-0000_step-0020800_loss-0.321046
save checkpoint in /nvme/data/zja/diffusion/ckpts/sing2song_audioldm/checkpoint/epoch-0000_step-0020900_loss-0.320990
save checkpoint in /nvme/data/zja/diffusion/ckpts/sing2song_audioldm/checkpoint/epoch-0000_step-0021000_loss-0.320867
save checkpoint in /nvme/data/zja/diffusion/ckpts/sing2song_audioldm/checkpoint/epoch-0000_step-0021100_loss-0.320852
save checkpoint in /nvme/data/zja/diffusion/ckpts/sing2song_audioldm/checkpoint/epoch-0000_step-0021200_loss-0.320782
save checkpoint in /nvme/data/zja/diffusion/ckpts/sing2song_audioldm/checkpoint/epoch-0000_step-0021300_loss-0.320693
save checkpoint in /nvme/data/zja/diffusion/ckpts/sing2song_audioldm/checkpoint/epoch-0000_step-0021400_loss-0.320650
save checkpoint in /nvme/data/zja/diffusion/ckpts/sing2song_audioldm/checkpoint/epoch-0000_step-0021500_loss-0.320551
save checkpoint in /nvme/data/zja/diffusion/ckpts/sing2song_audioldm/checkpoint/epoch-0000_step-0021600_loss-0.320457
save checkpoint in /nvme/data/zja/diffusion/ckpts/sing2song_audioldm/checkpoint/epoch-0000_step-0021700_loss-0.320374
save checkpoint in /nvme/data/zja/diffusion/ckpts/sing2song_audioldm/checkpoint/epoch-0000_step-0021800_loss-0.320273
save checkpoint in /nvme/data/zja/diffusion/ckpts/sing2song_audioldm/checkpoint/epoch-0000_step-0021900_loss-0.320182
save checkpoint in /nvme/data/zja/diffusion/ckpts/sing2song_audioldm/checkpoint/epoch-0000_step-0022000_loss-0.320118
save checkpoint in /nvme/data/zja/diffusion/ckpts/sing2song_audioldm/checkpoint/epoch-0000_step-0022100_loss-0.320066
save checkpoint in /nvme/data/zja/diffusion/ckpts/sing2song_audioldm/checkpoint/epoch-0000_step-0022200_loss-0.319932
save checkpoint in /nvme/data/zja/diffusion/ckpts/sing2song_audioldm/checkpoint/epoch-0000_step-0022300_loss-0.319903
save checkpoint in /nvme/data/zja/diffusion/ckpts/sing2song_audioldm/checkpoint/epoch-0000_step-0022400_loss-0.319790
save checkpoint in /nvme/data/zja/diffusion/ckpts/sing2song_audioldm/checkpoint/epoch-0000_step-0022500_loss-0.319642
save checkpoint in /nvme/data/zja/diffusion/ckpts/sing2song_audioldm/checkpoint/epoch-0000_step-0022600_loss-0.319569
save checkpoint in /nvme/data/zja/diffusion/ckpts/sing2song_audioldm/checkpoint/epoch-0000_step-0022700_loss-0.319479
save checkpoint in /nvme/data/zja/diffusion/ckpts/sing2song_audioldm/checkpoint/epoch-0000_step-0022800_loss-0.319382
save checkpoint in /nvme/data/zja/diffusion/ckpts/sing2song_audioldm/checkpoint/epoch-0000_step-0022900_loss-0.319318
save checkpoint in /nvme/data/zja/diffusion/ckpts/sing2song_audioldm/checkpoint/epoch-0000_step-0023000_loss-0.319255
save checkpoint in /nvme/data/zja/diffusion/ckpts/sing2song_audioldm/checkpoint/epoch-0000_step-0023100_loss-0.319132
save checkpoint in /nvme/data/zja/diffusion/ckpts/sing2song_audioldm/checkpoint/epoch-0000_step-0023200_loss-0.319072
save checkpoint in /nvme/data/zja/diffusion/ckpts/sing2song_audioldm/checkpoint/epoch-0000_step-0023300_loss-0.319038
save checkpoint in /nvme/data/zja/diffusion/ckpts/sing2song_audioldm/checkpoint/epoch-0000_step-0023400_loss-0.318967
save checkpoint in /nvme/data/zja/diffusion/ckpts/sing2song_audioldm/checkpoint/epoch-0000_step-0023500_loss-0.318901
save checkpoint in /nvme/data/zja/diffusion/ckpts/sing2song_audioldm/checkpoint/epoch-0000_step-0023600_loss-0.318973
save checkpoint in /nvme/data/zja/diffusion/ckpts/sing2song_audioldm/checkpoint/epoch-0000_step-0023700_loss-0.318873
save checkpoint in /nvme/data/zja/diffusion/ckpts/sing2song_audioldm/checkpoint/epoch-0000_step-0023800_loss-0.318848
save checkpoint in /nvme/data/zja/diffusion/ckpts/sing2song_audioldm/checkpoint/epoch-0000_step-0023900_loss-0.318790
save checkpoint in /nvme/data/zja/diffusion/ckpts/sing2song_audioldm/checkpoint/epoch-0000_step-0024000_loss-0.318673
save checkpoint in /nvme/data/zja/diffusion/ckpts/sing2song_audioldm/checkpoint/epoch-0000_step-0024100_loss-0.318557
save checkpoint in /nvme/data/zja/diffusion/ckpts/sing2song_audioldm/checkpoint/epoch-0000_step-0024200_loss-0.318486
save checkpoint in /nvme/data/zja/diffusion/ckpts/sing2song_audioldm/checkpoint/epoch-0000_step-0024300_loss-0.318440
save checkpoint in /nvme/data/zja/diffusion/ckpts/sing2song_audioldm/checkpoint/epoch-0000_step-0024400_loss-0.318439
save checkpoint in /nvme/data/zja/diffusion/ckpts/sing2song_audioldm/checkpoint/epoch-0000_step-0024500_loss-0.318391
save checkpoint in /nvme/data/zja/diffusion/ckpts/sing2song_audioldm/checkpoint/epoch-0000_step-0024600_loss-0.318281
save checkpoint in /nvme/data/zja/diffusion/ckpts/sing2song_audioldm/checkpoint/epoch-0000_step-0024700_loss-0.318282
save checkpoint in /nvme/data/zja/diffusion/ckpts/sing2song_audioldm/checkpoint/epoch-0000_step-0024800_loss-0.318191
save checkpoint in /nvme/data/zja/diffusion/ckpts/sing2song_audioldm/checkpoint/epoch-0000_step-0024900_loss-0.318170
save checkpoint in /nvme/data/zja/diffusion/ckpts/sing2song_audioldm/checkpoint/epoch-0000_step-0025000_loss-0.318107
save checkpoint in /nvme/data/zja/diffusion/ckpts/sing2song_audioldm/checkpoint/epoch-0000_step-0025100_loss-0.318038
save checkpoint in /nvme/data/zja/diffusion/ckpts/sing2song_audioldm/checkpoint/epoch-0000_step-0025200_loss-0.317908
save checkpoint in /nvme/data/zja/diffusion/ckpts/sing2song_audioldm/checkpoint/epoch-0000_step-0025300_loss-0.317829
save checkpoint in /nvme/data/zja/diffusion/ckpts/sing2song_audioldm/checkpoint/epoch-0000_step-0025400_loss-0.317745
save checkpoint in /nvme/data/zja/diffusion/ckpts/sing2song_audioldm/checkpoint/epoch-0000_step-0025500_loss-0.317609
save checkpoint in /nvme/data/zja/diffusion/ckpts/sing2song_audioldm/checkpoint/epoch-0000_step-0025600_loss-0.317589
save checkpoint in /nvme/data/zja/diffusion/ckpts/sing2song_audioldm/checkpoint/epoch-0000_step-0025700_loss-0.317463
save checkpoint in /nvme/data/zja/diffusion/ckpts/sing2song_audioldm/checkpoint/epoch-0000_step-0025800_loss-0.317462
save checkpoint in /nvme/data/zja/diffusion/ckpts/sing2song_audioldm/checkpoint/epoch-0000_step-0025900_loss-0.317364
save checkpoint in /nvme/data/zja/diffusion/ckpts/sing2song_audioldm/checkpoint/epoch-0000_step-0026000_loss-0.317262
save checkpoint in /nvme/data/zja/diffusion/ckpts/sing2song_audioldm/checkpoint/epoch-0000_step-0026100_loss-0.317157
save checkpoint in /nvme/data/zja/diffusion/ckpts/sing2song_audioldm/checkpoint/epoch-0000_step-0026200_loss-0.317068
save checkpoint in /nvme/data/zja/diffusion/ckpts/sing2song_audioldm/checkpoint/epoch-0000_step-0026300_loss-0.317022
save checkpoint in /nvme/data/zja/diffusion/ckpts/sing2song_audioldm/checkpoint/epoch-0000_step-0026400_loss-0.317004
save checkpoint in /nvme/data/zja/diffusion/ckpts/sing2song_audioldm/checkpoint/epoch-0000_step-0026500_loss-0.316939
save checkpoint in /nvme/data/zja/diffusion/ckpts/sing2song_audioldm/checkpoint/epoch-0000_step-0026600_loss-0.316893
save checkpoint in /nvme/data/zja/diffusion/ckpts/sing2song_audioldm/checkpoint/epoch-0000_step-0026700_loss-0.316814
save checkpoint in /nvme/data/zja/diffusion/ckpts/sing2song_audioldm/checkpoint/epoch-0000_step-0026800_loss-0.316730
save checkpoint in /nvme/data/zja/diffusion/ckpts/sing2song_audioldm/checkpoint/epoch-0000_step-0026900_loss-0.316733
save checkpoint in /nvme/data/zja/diffusion/ckpts/sing2song_audioldm/checkpoint/epoch-0000_step-0027000_loss-0.316731
save checkpoint in /nvme/data/zja/diffusion/ckpts/sing2song_audioldm/checkpoint/epoch-0000_step-0027100_loss-0.316646
save checkpoint in /nvme/data/zja/diffusion/ckpts/sing2song_audioldm/checkpoint/epoch-0000_step-0027200_loss-0.316530
save checkpoint in /nvme/data/zja/diffusion/ckpts/sing2song_audioldm/checkpoint/epoch-0000_step-0027300_loss-0.316426
save checkpoint in /nvme/data/zja/diffusion/ckpts/sing2song_audioldm/checkpoint/epoch-0000_step-0027400_loss-0.316400
save checkpoint in /nvme/data/zja/diffusion/ckpts/sing2song_audioldm/checkpoint/epoch-0000_step-0027500_loss-0.316379
save checkpoint in /nvme/data/zja/diffusion/ckpts/sing2song_audioldm/checkpoint/epoch-0000_step-0027600_loss-0.316345
save checkpoint in /nvme/data/zja/diffusion/ckpts/sing2song_audioldm/checkpoint/epoch-0000_step-0027700_loss-0.316255
save checkpoint in /nvme/data/zja/diffusion/ckpts/sing2song_audioldm/checkpoint/epoch-0000_step-0027800_loss-0.316260
save checkpoint in /nvme/data/zja/diffusion/ckpts/sing2song_audioldm/checkpoint/epoch-0000_step-0027900_loss-0.316254
save checkpoint in /nvme/data/zja/diffusion/ckpts/sing2song_audioldm/checkpoint/epoch-0000_step-0028000_loss-0.316172
save checkpoint in /nvme/data/zja/diffusion/ckpts/sing2song_audioldm/checkpoint/epoch-0000_step-0028100_loss-0.316138
save checkpoint in /nvme/data/zja/diffusion/ckpts/sing2song_audioldm/checkpoint/epoch-0000_step-0028200_loss-0.316095
save checkpoint in /nvme/data/zja/diffusion/ckpts/sing2song_audioldm/checkpoint/epoch-0000_step-0028300_loss-0.316126
save checkpoint in /nvme/data/zja/diffusion/ckpts/sing2song_audioldm/checkpoint/epoch-0000_step-0028400_loss-0.316135
save checkpoint in /nvme/data/zja/diffusion/ckpts/sing2song_audioldm/checkpoint/epoch-0000_step-0028500_loss-0.316044
save checkpoint in /nvme/data/zja/diffusion/ckpts/sing2song_audioldm/checkpoint/epoch-0000_step-0028600_loss-0.316030
save checkpoint in /nvme/data/zja/diffusion/ckpts/sing2song_audioldm/checkpoint/epoch-0000_step-0028700_loss-0.315946
save checkpoint in /nvme/data/zja/diffusion/ckpts/sing2song_audioldm/checkpoint/epoch-0000_step-0028800_loss-0.315908
save checkpoint in /nvme/data/zja/diffusion/ckpts/sing2song_audioldm/checkpoint/epoch-0000_step-0028900_loss-0.315807
save checkpoint in /nvme/data/zja/diffusion/ckpts/sing2song_audioldm/checkpoint/epoch-0000_step-0029000_loss-0.315786
save checkpoint in /nvme/data/zja/diffusion/ckpts/sing2song_audioldm/checkpoint/epoch-0000_step-0029100_loss-0.315735
save checkpoint in /nvme/data/zja/diffusion/ckpts/sing2song_audioldm/checkpoint/epoch-0000_step-0029200_loss-0.315676
save checkpoint in /nvme/data/zja/diffusion/ckpts/sing2song_audioldm/checkpoint/epoch-0000_step-0029300_loss-0.315605
save checkpoint in /nvme/data/zja/diffusion/ckpts/sing2song_audioldm/checkpoint/epoch-0000_step-0029400_loss-0.315563
save checkpoint in /nvme/data/zja/diffusion/ckpts/sing2song_audioldm/checkpoint/epoch-0000_step-0029500_loss-0.315547
save checkpoint in /nvme/data/zja/diffusion/ckpts/sing2song_audioldm/checkpoint/epoch-0000_step-0029600_loss-0.315545
save checkpoint in /nvme/data/zja/diffusion/ckpts/sing2song_audioldm/checkpoint/epoch-0000_step-0029700_loss-0.315540
save checkpoint in /nvme/data/zja/diffusion/ckpts/sing2song_audioldm/checkpoint/epoch-0000_step-0029800_loss-0.315483
save checkpoint in /nvme/data/zja/diffusion/ckpts/sing2song_audioldm/checkpoint/epoch-0000_step-0029900_loss-0.315447
save checkpoint in /nvme/data/zja/diffusion/ckpts/sing2song_audioldm/checkpoint/epoch-0000_step-0030000_loss-0.315420
save checkpoint in /nvme/data/zja/diffusion/ckpts/sing2song_audioldm/checkpoint/epoch-0000_step-0030100_loss-0.315357
save checkpoint in /nvme/data/zja/diffusion/ckpts/sing2song_audioldm/checkpoint/epoch-0000_step-0030200_loss-0.315311
save checkpoint in /nvme/data/zja/diffusion/ckpts/sing2song_audioldm/checkpoint/epoch-0000_step-0030300_loss-0.315246
save checkpoint in /nvme/data/zja/diffusion/ckpts/sing2song_audioldm/checkpoint/epoch-0000_step-0030400_loss-0.315215
save checkpoint in /nvme/data/zja/diffusion/ckpts/sing2song_audioldm/checkpoint/epoch-0000_step-0030500_loss-0.315190
save checkpoint in /nvme/data/zja/diffusion/ckpts/sing2song_audioldm/checkpoint/epoch-0000_step-0030600_loss-0.315188
save checkpoint in /nvme/data/zja/diffusion/ckpts/sing2song_audioldm/checkpoint/epoch-0000_step-0030700_loss-0.315167
save checkpoint in /nvme/data/zja/diffusion/ckpts/sing2song_audioldm/checkpoint/epoch-0000_step-0030800_loss-0.315090
save checkpoint in /nvme/data/zja/diffusion/ckpts/sing2song_audioldm/checkpoint/epoch-0000_step-0030900_loss-0.314986
save checkpoint in /nvme/data/zja/diffusion/ckpts/sing2song_audioldm/checkpoint/epoch-0000_step-0030979_loss-0.314986
save checkpoint in /nvme/data/zja/diffusion/ckpts/sing2song_audioldm/checkpoint/epoch-0001_step-0031000_loss-0.292667
save checkpoint in /nvme/data/zja/diffusion/ckpts/sing2song_audioldm/checkpoint/epoch-0001_step-0031100_loss-0.294197
save checkpoint in /nvme/data/zja/diffusion/ckpts/sing2song_audioldm/checkpoint/epoch-0001_step-0031200_loss-0.298732
save checkpoint in /nvme/data/zja/diffusion/ckpts/sing2song_audioldm/checkpoint/epoch-0001_step-0031300_loss-0.300249
save checkpoint in /nvme/data/zja/diffusion/ckpts/sing2song_audioldm/checkpoint/epoch-0001_step-0031400_loss-0.302209
save checkpoint in /nvme/data/zja/diffusion/ckpts/sing2song_audioldm/checkpoint/epoch-0001_step-0031500_loss-0.300558
save checkpoint in /nvme/data/zja/diffusion/ckpts/sing2song_audioldm/checkpoint/epoch-0001_step-0031600_loss-0.300700
save checkpoint in /nvme/data/zja/diffusion/ckpts/sing2song_audioldm/checkpoint/epoch-0001_step-0031700_loss-0.301084
save checkpoint in /nvme/data/zja/diffusion/ckpts/sing2song_audioldm/checkpoint/epoch-0001_step-0031800_loss-0.299859
save checkpoint in /nvme/data/zja/diffusion/ckpts/sing2song_audioldm/checkpoint/epoch-0001_step-0031900_loss-0.301486
save checkpoint in /nvme/data/zja/diffusion/ckpts/sing2song_audioldm/checkpoint/epoch-0001_step-0032000_loss-0.302586
save checkpoint in /nvme/data/zja/diffusion/ckpts/sing2song_audioldm/checkpoint/epoch-0001_step-0032100_loss-0.303090
save checkpoint in /nvme/data/zja/diffusion/ckpts/sing2song_audioldm/checkpoint/epoch-0001_step-0032200_loss-0.303859
save checkpoint in /nvme/data/zja/diffusion/ckpts/sing2song_audioldm/checkpoint/epoch-0001_step-0032300_loss-0.304481
save checkpoint in /nvme/data/zja/diffusion/ckpts/sing2song_audioldm/checkpoint/epoch-0001_step-0032400_loss-0.303872
save checkpoint in /nvme/data/zja/diffusion/ckpts/sing2song_audioldm/checkpoint/epoch-0001_step-0032500_loss-0.304908
save checkpoint in /nvme/data/zja/diffusion/ckpts/sing2song_audioldm/checkpoint/epoch-0001_step-0032600_loss-0.303633
save checkpoint in /nvme/data/zja/diffusion/ckpts/sing2song_audioldm/checkpoint/epoch-0001_step-0032700_loss-0.303472
save checkpoint in /nvme/data/zja/diffusion/ckpts/sing2song_audioldm/checkpoint/epoch-0001_step-0032800_loss-0.303205
save checkpoint in /nvme/data/zja/diffusion/ckpts/sing2song_audioldm/checkpoint/epoch-0001_step-0032900_loss-0.302287
save checkpoint in /nvme/data/zja/diffusion/ckpts/sing2song_audioldm/checkpoint/epoch-0001_step-0033000_loss-0.302737
save checkpoint in /nvme/data/zja/diffusion/ckpts/sing2song_audioldm/checkpoint/epoch-0001_step-0033100_loss-0.302529
save checkpoint in /nvme/data/zja/diffusion/ckpts/sing2song_audioldm/checkpoint/epoch-0001_step-0033200_loss-0.302947
save checkpoint in /nvme/data/zja/diffusion/ckpts/sing2song_audioldm/checkpoint/epoch-0001_step-0033300_loss-0.302386
save checkpoint in /nvme/data/zja/diffusion/ckpts/sing2song_audioldm/checkpoint/epoch-0001_step-0033400_loss-0.302043
save checkpoint in /nvme/data/zja/diffusion/ckpts/sing2song_audioldm/checkpoint/epoch-0001_step-0033500_loss-0.302454
save checkpoint in /nvme/data/zja/diffusion/ckpts/sing2song_audioldm/checkpoint/epoch-0001_step-0033600_loss-0.301808
save checkpoint in /nvme/data/zja/diffusion/ckpts/sing2song_audioldm/checkpoint/epoch-0001_step-0033700_loss-0.301957
save checkpoint in /nvme/data/zja/diffusion/ckpts/sing2song_audioldm/checkpoint/epoch-0001_step-0033800_loss-0.301812
save checkpoint in /nvme/data/zja/diffusion/ckpts/sing2song_audioldm/checkpoint/epoch-0001_step-0033900_loss-0.301926
save checkpoint in /nvme/data/zja/diffusion/ckpts/sing2song_audioldm/checkpoint/epoch-0001_step-0034000_loss-0.302101
save checkpoint in /nvme/data/zja/diffusion/ckpts/sing2song_audioldm/checkpoint/epoch-0001_step-0034100_loss-0.301900
save checkpoint in /nvme/data/zja/diffusion/ckpts/sing2song_audioldm/checkpoint/epoch-0001_step-0034200_loss-0.301775
save checkpoint in /nvme/data/zja/diffusion/ckpts/sing2song_audioldm/checkpoint/epoch-0001_step-0034300_loss-0.302248
save checkpoint in /nvme/data/zja/diffusion/ckpts/sing2song_audioldm/checkpoint/epoch-0001_step-0034400_loss-0.302024
save checkpoint in /nvme/data/zja/diffusion/ckpts/sing2song_audioldm/checkpoint/epoch-0001_step-0034500_loss-0.302173
save checkpoint in /nvme/data/zja/diffusion/ckpts/sing2song_audioldm/checkpoint/epoch-0001_step-0034600_loss-0.302044
save checkpoint in /nvme/data/zja/diffusion/ckpts/sing2song_audioldm/checkpoint/epoch-0001_step-0034700_loss-0.301870
save checkpoint in /nvme/data/zja/diffusion/ckpts/sing2song_audioldm/checkpoint/epoch-0001_step-0034800_loss-0.301425
save checkpoint in /nvme/data/zja/diffusion/ckpts/sing2song_audioldm/checkpoint/epoch-0001_step-0034900_loss-0.301607
save checkpoint in /nvme/data/zja/diffusion/ckpts/sing2song_audioldm/checkpoint/epoch-0001_step-0035000_loss-0.301970
save checkpoint in /nvme/data/zja/diffusion/ckpts/sing2song_audioldm/checkpoint/epoch-0001_step-0035100_loss-0.301826
save checkpoint in /nvme/data/zja/diffusion/ckpts/sing2song_audioldm/checkpoint/epoch-0001_step-0035200_loss-0.302195
save checkpoint in /nvme/data/zja/diffusion/ckpts/sing2song_audioldm/checkpoint/epoch-0001_step-0035300_loss-0.302138
save checkpoint in /nvme/data/zja/diffusion/ckpts/sing2song_audioldm/checkpoint/epoch-0001_step-0035400_loss-0.302083
save checkpoint in /nvme/data/zja/diffusion/ckpts/sing2song_audioldm/checkpoint/epoch-0001_step-0035500_loss-0.301901
save checkpoint in /nvme/data/zja/diffusion/ckpts/sing2song_audioldm/checkpoint/epoch-0001_step-0035600_loss-0.301836
save checkpoint in /nvme/data/zja/diffusion/ckpts/sing2song_audioldm/checkpoint/epoch-0001_step-0035700_loss-0.301928
save checkpoint in /nvme/data/zja/diffusion/ckpts/sing2song_audioldm/checkpoint/epoch-0001_step-0035800_loss-0.301649
save checkpoint in /nvme/data/zja/diffusion/ckpts/sing2song_audioldm/checkpoint/epoch-0001_step-0035900_loss-0.301724
save checkpoint in /nvme/data/zja/diffusion/ckpts/sing2song_audioldm/checkpoint/epoch-0001_step-0036000_loss-0.301449
save checkpoint in /nvme/data/zja/diffusion/ckpts/sing2song_audioldm/checkpoint/epoch-0001_step-0036100_loss-0.301396
save checkpoint in /nvme/data/zja/diffusion/ckpts/sing2song_audioldm/checkpoint/epoch-0001_step-0036200_loss-0.301103
save checkpoint in /nvme/data/zja/diffusion/ckpts/sing2song_audioldm/checkpoint/epoch-0001_step-0036300_loss-0.301158
save checkpoint in /nvme/data/zja/diffusion/ckpts/sing2song_audioldm/checkpoint/epoch-0001_step-0036400_loss-0.301223
save checkpoint in /nvme/data/zja/diffusion/ckpts/sing2song_audioldm/checkpoint/epoch-0001_step-0036500_loss-0.301131
save checkpoint in /nvme/data/zja/diffusion/ckpts/sing2song_audioldm/checkpoint/epoch-0001_step-0036600_loss-0.300673
save checkpoint in /nvme/data/zja/diffusion/ckpts/sing2song_audioldm/checkpoint/epoch-0001_step-0036700_loss-0.300763
save checkpoint in /nvme/data/zja/diffusion/ckpts/sing2song_audioldm/checkpoint/epoch-0001_step-0036800_loss-0.300710
save checkpoint in /nvme/data/zja/diffusion/ckpts/sing2song_audioldm/checkpoint/epoch-0001_step-0036900_loss-0.300374
save checkpoint in /nvme/data/zja/diffusion/ckpts/sing2song_audioldm/checkpoint/epoch-0001_step-0037000_loss-0.300363
save checkpoint in /nvme/data/zja/diffusion/ckpts/sing2song_audioldm/checkpoint/epoch-0001_step-0037100_loss-0.300256
save checkpoint in /nvme/data/zja/diffusion/ckpts/sing2song_audioldm/checkpoint/epoch-0001_step-0037200_loss-0.300072
save checkpoint in /nvme/data/zja/diffusion/ckpts/sing2song_audioldm/checkpoint/epoch-0001_step-0037300_loss-0.299915
save checkpoint in /nvme/data/zja/diffusion/ckpts/sing2song_audioldm/checkpoint/epoch-0001_step-0037400_loss-0.300011
save checkpoint in /nvme/data/zja/diffusion/ckpts/sing2song_audioldm/checkpoint/epoch-0001_step-0037500_loss-0.300132
save checkpoint in /nvme/data/zja/diffusion/ckpts/sing2song_audioldm/checkpoint/epoch-0001_step-0037600_loss-0.300049
save checkpoint in /nvme/data/zja/diffusion/ckpts/sing2song_audioldm/checkpoint/epoch-0001_step-0037700_loss-0.299769
save checkpoint in /nvme/data/zja/diffusion/ckpts/sing2song_audioldm/checkpoint/epoch-0001_step-0037800_loss-0.299953
save checkpoint in /nvme/data/zja/diffusion/ckpts/sing2song_audioldm/checkpoint/epoch-0001_step-0037900_loss-0.300005
save checkpoint in /nvme/data/zja/diffusion/ckpts/sing2song_audioldm/checkpoint/epoch-0001_step-0038000_loss-0.300036
save checkpoint in /nvme/data/zja/diffusion/ckpts/sing2song_audioldm/checkpoint/epoch-0001_step-0038100_loss-0.299859
save checkpoint in /nvme/data/zja/diffusion/ckpts/sing2song_audioldm/checkpoint/epoch-0001_step-0038200_loss-0.299637
save checkpoint in /nvme/data/zja/diffusion/ckpts/sing2song_audioldm/checkpoint/epoch-0001_step-0038300_loss-0.299608
save checkpoint in /nvme/data/zja/diffusion/ckpts/sing2song_audioldm/checkpoint/epoch-0001_step-0038400_loss-0.299738
save checkpoint in /nvme/data/zja/diffusion/ckpts/sing2song_audioldm/checkpoint/epoch-0001_step-0038500_loss-0.299778
save checkpoint in /nvme/data/zja/diffusion/ckpts/sing2song_audioldm/checkpoint/epoch-0001_step-0038600_loss-0.299591
save checkpoint in /nvme/data/zja/diffusion/ckpts/sing2song_audioldm/checkpoint/epoch-0001_step-0038700_loss-0.299680
save checkpoint in /nvme/data/zja/diffusion/ckpts/sing2song_audioldm/checkpoint/epoch-0001_step-0038800_loss-0.299652
save checkpoint in /nvme/data/zja/diffusion/ckpts/sing2song_audioldm/checkpoint/epoch-0001_step-0038900_loss-0.299831
save checkpoint in /nvme/data/zja/diffusion/ckpts/sing2song_audioldm/checkpoint/epoch-0001_step-0039000_loss-0.299619
save checkpoint in /nvme/data/zja/diffusion/ckpts/sing2song_audioldm/checkpoint/epoch-0001_step-0039100_loss-0.299450
save checkpoint in /nvme/data/zja/diffusion/ckpts/sing2song_audioldm/checkpoint/epoch-0001_step-0039200_loss-0.299359
save checkpoint in /nvme/data/zja/diffusion/ckpts/sing2song_audioldm/checkpoint/epoch-0001_step-0039300_loss-0.299270
save checkpoint in /nvme/data/zja/diffusion/ckpts/sing2song_audioldm/checkpoint/epoch-0001_step-0039400_loss-0.299313
save checkpoint in /nvme/data/zja/diffusion/ckpts/sing2song_audioldm/checkpoint/epoch-0001_step-0039500_loss-0.299291
save checkpoint in /nvme/data/zja/diffusion/ckpts/sing2song_audioldm/checkpoint/epoch-0001_step-0039600_loss-0.299226
save checkpoint in /nvme/data/zja/diffusion/ckpts/sing2song_audioldm/checkpoint/epoch-0001_step-0039700_loss-0.299152
save checkpoint in /nvme/data/zja/diffusion/ckpts/sing2song_audioldm/checkpoint/epoch-0001_step-0039800_loss-0.299227
save checkpoint in /nvme/data/zja/diffusion/ckpts/sing2song_audioldm/checkpoint/epoch-0001_step-0039900_loss-0.299331
save checkpoint in /nvme/data/zja/diffusion/ckpts/sing2song_audioldm/checkpoint/epoch-0001_step-0040000_loss-0.299278
save checkpoint in /nvme/data/zja/diffusion/ckpts/sing2song_audioldm/checkpoint/epoch-0001_step-0040100_loss-0.299354
save checkpoint in /nvme/data/zja/diffusion/ckpts/sing2song_audioldm/checkpoint/epoch-0001_step-0040200_loss-0.299371
save checkpoint in /nvme/data/zja/diffusion/ckpts/sing2song_audioldm/checkpoint/epoch-0001_step-0040300_loss-0.299295
save checkpoint in /nvme/data/zja/diffusion/ckpts/sing2song_audioldm/checkpoint/epoch-0001_step-0040400_loss-0.299168
save checkpoint in /nvme/data/zja/diffusion/ckpts/sing2song_audioldm/checkpoint/epoch-0001_step-0040500_loss-0.299132
save checkpoint in /nvme/data/zja/diffusion/ckpts/sing2song_audioldm/checkpoint/epoch-0001_step-0040600_loss-0.299196
save checkpoint in /nvme/data/zja/diffusion/ckpts/sing2song_audioldm/checkpoint/epoch-0001_step-0040700_loss-0.299257
save checkpoint in /nvme/data/zja/diffusion/ckpts/sing2song_audioldm/checkpoint/epoch-0001_step-0040800_loss-0.299276
save checkpoint in /nvme/data/zja/diffusion/ckpts/sing2song_audioldm/checkpoint/epoch-0001_step-0040900_loss-0.299153
save checkpoint in /nvme/data/zja/diffusion/ckpts/sing2song_audioldm/checkpoint/epoch-0001_step-0041000_loss-0.298973
save checkpoint in /nvme/data/zja/diffusion/ckpts/sing2song_audioldm/checkpoint/epoch-0001_step-0041100_loss-0.299017
save checkpoint in /nvme/data/zja/diffusion/ckpts/sing2song_audioldm/checkpoint/epoch-0001_step-0041200_loss-0.299011
save checkpoint in /nvme/data/zja/diffusion/ckpts/sing2song_audioldm/checkpoint/epoch-0001_step-0041300_loss-0.298936
save checkpoint in /nvme/data/zja/diffusion/ckpts/sing2song_audioldm/checkpoint/epoch-0001_step-0041400_loss-0.299015
save checkpoint in /nvme/data/zja/diffusion/ckpts/sing2song_audioldm/checkpoint/epoch-0001_step-0041500_loss-0.299020
save checkpoint in /nvme/data/zja/diffusion/ckpts/sing2song_audioldm/checkpoint/epoch-0001_step-0041600_loss-0.299165
save checkpoint in /nvme/data/zja/diffusion/ckpts/sing2song_audioldm/checkpoint/epoch-0001_step-0041700_loss-0.299117
save checkpoint in /nvme/data/zja/diffusion/ckpts/sing2song_audioldm/checkpoint/epoch-0001_step-0041800_loss-0.299180
save checkpoint in /nvme/data/zja/diffusion/ckpts/sing2song_audioldm/checkpoint/epoch-0001_step-0041900_loss-0.299086
save checkpoint in /nvme/data/zja/diffusion/ckpts/sing2song_audioldm/checkpoint/epoch-0001_step-0042000_loss-0.299014
save checkpoint in /nvme/data/zja/diffusion/ckpts/sing2song_audioldm/checkpoint/epoch-0001_step-0042100_loss-0.298949
save checkpoint in /nvme/data/zja/diffusion/ckpts/sing2song_audioldm/checkpoint/epoch-0001_step-0042200_loss-0.299030
save checkpoint in /nvme/data/zja/diffusion/ckpts/sing2song_audioldm/checkpoint/epoch-0001_step-0042300_loss-0.298972
save checkpoint in /nvme/data/zja/diffusion/ckpts/sing2song_audioldm/checkpoint/epoch-0001_step-0042400_loss-0.299004
save checkpoint in /nvme/data/zja/diffusion/ckpts/sing2song_audioldm/checkpoint/epoch-0001_step-0042500_loss-0.299060
save checkpoint in /nvme/data/zja/diffusion/ckpts/sing2song_audioldm/checkpoint/epoch-0001_step-0042600_loss-0.299068
save checkpoint in /nvme/data/zja/diffusion/ckpts/sing2song_audioldm/checkpoint/epoch-0001_step-0042700_loss-0.298949
save checkpoint in /nvme/data/zja/diffusion/ckpts/sing2song_audioldm/checkpoint/epoch-0001_step-0042800_loss-0.298955
save checkpoint in /nvme/data/zja/diffusion/ckpts/sing2song_audioldm/checkpoint/epoch-0001_step-0042900_loss-0.299028
save checkpoint in /nvme/data/zja/diffusion/ckpts/sing2song_audioldm/checkpoint/epoch-0001_step-0043000_loss-0.299093
save checkpoint in /nvme/data/zja/diffusion/ckpts/sing2song_audioldm/checkpoint/epoch-0001_step-0043100_loss-0.299052
save checkpoint in /nvme/data/zja/diffusion/ckpts/sing2song_audioldm/checkpoint/epoch-0001_step-0043200_loss-0.299054
save checkpoint in /nvme/data/zja/diffusion/ckpts/sing2song_audioldm/checkpoint/epoch-0001_step-0043300_loss-0.299046
save checkpoint in /nvme/data/zja/diffusion/ckpts/sing2song_audioldm/checkpoint/epoch-0001_step-0043400_loss-0.299029
save checkpoint in /nvme/data/zja/diffusion/ckpts/sing2song_audioldm/checkpoint/epoch-0001_step-0043500_loss-0.298929
save checkpoint in /nvme/data/zja/diffusion/ckpts/sing2song_audioldm/checkpoint/epoch-0001_step-0043600_loss-0.298922
save checkpoint in /nvme/data/zja/diffusion/ckpts/sing2song_audioldm/checkpoint/epoch-0001_step-0043700_loss-0.298860
save checkpoint in /nvme/data/zja/diffusion/ckpts/sing2song_audioldm/checkpoint/epoch-0001_step-0043800_loss-0.298814
save checkpoint in /nvme/data/zja/diffusion/ckpts/sing2song_audioldm/checkpoint/epoch-0001_step-0043900_loss-0.298888
save checkpoint in /nvme/data/zja/diffusion/ckpts/sing2song_audioldm/checkpoint/epoch-0001_step-0044000_loss-0.298901
save checkpoint in /nvme/data/zja/diffusion/ckpts/sing2song_audioldm/checkpoint/epoch-0001_step-0044100_loss-0.299165
save checkpoint in /nvme/data/zja/diffusion/ckpts/sing2song_audioldm/checkpoint/epoch-0001_step-0044200_loss-0.299197
save checkpoint in /nvme/data/zja/diffusion/ckpts/sing2song_audioldm/checkpoint/epoch-0001_step-0044300_loss-0.299257
save checkpoint in /nvme/data/zja/diffusion/ckpts/sing2song_audioldm/checkpoint/epoch-0001_step-0044400_loss-0.299207
save checkpoint in /nvme/data/zja/diffusion/ckpts/sing2song_audioldm/checkpoint/epoch-0001_step-0044500_loss-0.299332
save checkpoint in /nvme/data/zja/diffusion/ckpts/sing2song_audioldm/checkpoint/epoch-0001_step-0044600_loss-0.299271
save checkpoint in /nvme/data/zja/diffusion/ckpts/sing2song_audioldm/checkpoint/epoch-0001_step-0044700_loss-0.299180
save checkpoint in /nvme/data/zja/diffusion/ckpts/sing2song_audioldm/checkpoint/epoch-0001_step-0044800_loss-0.299163
save checkpoint in /nvme/data/zja/diffusion/ckpts/sing2song_audioldm/checkpoint/epoch-0001_step-0044900_loss-0.299118
save checkpoint in /nvme/data/zja/diffusion/ckpts/sing2song_audioldm/checkpoint/epoch-0001_step-0045000_loss-0.299001
save checkpoint in /nvme/data/zja/diffusion/ckpts/sing2song_audioldm/checkpoint/epoch-0001_step-0045100_loss-0.298973
save checkpoint in /nvme/data/zja/diffusion/ckpts/sing2song_audioldm/checkpoint/epoch-0001_step-0045200_loss-0.299135
save checkpoint in /nvme/data/zja/diffusion/ckpts/sing2song_audioldm/checkpoint/epoch-0001_step-0045300_loss-0.299055
save checkpoint in /nvme/data/zja/diffusion/ckpts/sing2song_audioldm/checkpoint/epoch-0001_step-0045400_loss-0.299128
save checkpoint in /nvme/data/zja/diffusion/ckpts/sing2song_audioldm/checkpoint/epoch-0001_step-0045500_loss-0.299187
save checkpoint in /nvme/data/zja/diffusion/ckpts/sing2song_audioldm/checkpoint/epoch-0001_step-0045600_loss-0.299283
save checkpoint in /nvme/data/zja/diffusion/ckpts/sing2song_audioldm/checkpoint/epoch-0001_step-0045700_loss-0.299306
save checkpoint in /nvme/data/zja/diffusion/ckpts/sing2song_audioldm/checkpoint/epoch-0001_step-0045800_loss-0.299241
save checkpoint in /nvme/data/zja/diffusion/ckpts/sing2song_audioldm/checkpoint/epoch-0001_step-0045900_loss-0.299252
save checkpoint in /nvme/data/zja/diffusion/ckpts/sing2song_audioldm/checkpoint/epoch-0001_step-0046000_loss-0.299277
save checkpoint in /nvme/data/zja/diffusion/ckpts/sing2song_audioldm/checkpoint/epoch-0001_step-0046100_loss-0.299311
save checkpoint in /nvme/data/zja/diffusion/ckpts/sing2song_audioldm/checkpoint/epoch-0001_step-0046200_loss-0.299290
save checkpoint in /nvme/data/zja/diffusion/ckpts/sing2song_audioldm/checkpoint/epoch-0001_step-0046300_loss-0.299339
save checkpoint in /nvme/data/zja/diffusion/ckpts/sing2song_audioldm/checkpoint/epoch-0001_step-0046400_loss-0.299335
save checkpoint in /nvme/data/zja/diffusion/ckpts/sing2song_audioldm/checkpoint/epoch-0001_step-0046500_loss-0.299403
save checkpoint in /nvme/data/zja/diffusion/ckpts/sing2song_audioldm/checkpoint/epoch-0001_step-0046600_loss-0.299448
save checkpoint in /nvme/data/zja/diffusion/ckpts/sing2song_audioldm/checkpoint/epoch-0001_step-0046700_loss-0.299426
save checkpoint in /nvme/data/zja/diffusion/ckpts/sing2song_audioldm/checkpoint/epoch-0001_step-0046800_loss-0.299439
save checkpoint in /nvme/data/zja/diffusion/ckpts/sing2song_audioldm/checkpoint/epoch-0001_step-0046900_loss-0.299434
save checkpoint in /nvme/data/zja/diffusion/ckpts/sing2song_audioldm/checkpoint/epoch-0001_step-0047000_loss-0.299432
save checkpoint in /nvme/data/zja/diffusion/ckpts/sing2song_audioldm/checkpoint/epoch-0001_step-0047100_loss-0.299434
save checkpoint in /nvme/data/zja/diffusion/ckpts/sing2song_audioldm/checkpoint/epoch-0001_step-0047200_loss-0.299503
save checkpoint in /nvme/data/zja/diffusion/ckpts/sing2song_audioldm/checkpoint/epoch-0001_step-0047300_loss-0.299444
save checkpoint in /nvme/data/zja/diffusion/ckpts/sing2song_audioldm/checkpoint/epoch-0001_step-0047400_loss-0.299501
save checkpoint in /nvme/data/zja/diffusion/ckpts/sing2song_audioldm/checkpoint/epoch-0001_step-0047500_loss-0.299536
save checkpoint in /nvme/data/zja/diffusion/ckpts/sing2song_audioldm/checkpoint/epoch-0001_step-0047600_loss-0.299568
save checkpoint in /nvme/data/zja/diffusion/ckpts/sing2song_audioldm/checkpoint/epoch-0001_step-0047700_loss-0.299611
save checkpoint in /nvme/data/zja/diffusion/ckpts/sing2song_audioldm/checkpoint/epoch-0001_step-0047800_loss-0.299593
save checkpoint in /nvme/data/zja/diffusion/ckpts/sing2song_audioldm/checkpoint/epoch-0001_step-0047900_loss-0.299656
save checkpoint in /nvme/data/zja/diffusion/ckpts/sing2song_audioldm/checkpoint/epoch-0001_step-0048000_loss-0.299722
save checkpoint in /nvme/data/zja/diffusion/ckpts/sing2song_audioldm/checkpoint/epoch-0001_step-0048100_loss-0.299749
save checkpoint in /nvme/data/zja/diffusion/ckpts/sing2song_audioldm/checkpoint/epoch-0001_step-0048200_loss-0.299650
save checkpoint in /nvme/data/zja/diffusion/ckpts/sing2song_audioldm/checkpoint/epoch-0001_step-0048300_loss-0.299649
save checkpoint in /nvme/data/zja/diffusion/ckpts/sing2song_audioldm/checkpoint/epoch-0001_step-0048400_loss-0.299650
save checkpoint in /nvme/data/zja/diffusion/ckpts/sing2song_audioldm/checkpoint/epoch-0001_step-0048500_loss-0.299710
save checkpoint in /nvme/data/zja/diffusion/ckpts/sing2song_audioldm/checkpoint/epoch-0001_step-0048600_loss-0.299729
save checkpoint in /nvme/data/zja/diffusion/ckpts/sing2song_audioldm/checkpoint/epoch-0001_step-0048700_loss-0.299723
save checkpoint in /nvme/data/zja/diffusion/ckpts/sing2song_audioldm/checkpoint/epoch-0001_step-0048800_loss-0.299623
save checkpoint in /nvme/data/zja/diffusion/ckpts/sing2song_audioldm/checkpoint/epoch-0001_step-0048900_loss-0.299694
save checkpoint in /nvme/data/zja/diffusion/ckpts/sing2song_audioldm/checkpoint/epoch-0001_step-0049000_loss-0.299711
save checkpoint in /nvme/data/zja/diffusion/ckpts/sing2song_audioldm/checkpoint/epoch-0001_step-0049100_loss-0.299770
save checkpoint in /nvme/data/zja/diffusion/ckpts/sing2song_audioldm/checkpoint/epoch-0001_step-0049200_loss-0.299731
save checkpoint in /nvme/data/zja/diffusion/ckpts/sing2song_audioldm/checkpoint/epoch-0001_step-0049300_loss-0.299712
save checkpoint in /nvme/data/zja/diffusion/ckpts/sing2song_audioldm/checkpoint/epoch-0001_step-0049400_loss-0.299721
save checkpoint in /nvme/data/zja/diffusion/ckpts/sing2song_audioldm/checkpoint/epoch-0001_step-0049500_loss-0.299726
save checkpoint in /nvme/data/zja/diffusion/ckpts/sing2song_audioldm/checkpoint/epoch-0001_step-0049600_loss-0.299684
save checkpoint in /nvme/data/zja/diffusion/ckpts/sing2song_audioldm/checkpoint/epoch-0001_step-0049700_loss-0.299702
save checkpoint in /nvme/data/zja/diffusion/ckpts/sing2song_audioldm/checkpoint/epoch-0001_step-0049800_loss-0.299622
save checkpoint in /nvme/data/zja/diffusion/ckpts/sing2song_audioldm/checkpoint/epoch-0001_step-0049900_loss-0.299622
save checkpoint in /nvme/data/zja/diffusion/ckpts/sing2song_audioldm/checkpoint/epoch-0001_step-0050000_loss-0.299608
save checkpoint in /nvme/data/zja/diffusion/ckpts/sing2song_audioldm/checkpoint/epoch-0001_step-0050100_loss-0.299591
save checkpoint in /nvme/data/zja/diffusion/ckpts/sing2song_audioldm/checkpoint/epoch-0001_step-0050200_loss-0.299592
save checkpoint in /nvme/data/zja/diffusion/ckpts/sing2song_audioldm/checkpoint/epoch-0001_step-0050300_loss-0.299686
save checkpoint in /nvme/data/zja/diffusion/ckpts/sing2song_audioldm/checkpoint/epoch-0001_step-0050400_loss-0.299663
save checkpoint in /nvme/data/zja/diffusion/ckpts/sing2song_audioldm/checkpoint/epoch-0001_step-0050500_loss-0.299566
save checkpoint in /nvme/data/zja/diffusion/ckpts/sing2song_audioldm/checkpoint/epoch-0001_step-0050600_loss-0.299585
save checkpoint in /nvme/data/zja/diffusion/ckpts/sing2song_audioldm/checkpoint/epoch-0001_step-0050700_loss-0.299532
save checkpoint in /nvme/data/zja/diffusion/ckpts/sing2song_audioldm/checkpoint/epoch-0001_step-0050800_loss-0.299486
save checkpoint in /nvme/data/zja/diffusion/ckpts/sing2song_audioldm/checkpoint/epoch-0001_step-0050900_loss-0.299520
save checkpoint in /nvme/data/zja/diffusion/ckpts/sing2song_audioldm/checkpoint/epoch-0001_step-0051000_loss-0.299455
save checkpoint in /nvme/data/zja/diffusion/ckpts/sing2song_audioldm/checkpoint/epoch-0001_step-0051100_loss-0.299327
save checkpoint in /nvme/data/zja/diffusion/ckpts/sing2song_audioldm/checkpoint/epoch-0001_step-0051200_loss-0.299246
save checkpoint in /nvme/data/zja/diffusion/ckpts/sing2song_audioldm/checkpoint/epoch-0001_step-0051300_loss-0.299261
save checkpoint in /nvme/data/zja/diffusion/ckpts/sing2song_audioldm/checkpoint/epoch-0001_step-0051400_loss-0.299263
save checkpoint in /nvme/data/zja/diffusion/ckpts/sing2song_audioldm/checkpoint/epoch-0001_step-0051500_loss-0.299264
save checkpoint in /nvme/data/zja/diffusion/ckpts/sing2song_audioldm/checkpoint/epoch-0001_step-0051600_loss-0.299249
save checkpoint in /nvme/data/zja/diffusion/ckpts/sing2song_audioldm/checkpoint/epoch-0001_step-0051700_loss-0.299316
save checkpoint in /nvme/data/zja/diffusion/ckpts/sing2song_audioldm/checkpoint/epoch-0001_step-0051800_loss-0.299239
save checkpoint in /nvme/data/zja/diffusion/ckpts/sing2song_audioldm/checkpoint/epoch-0001_step-0051900_loss-0.299271
save checkpoint in /nvme/data/zja/diffusion/ckpts/sing2song_audioldm/checkpoint/epoch-0001_step-0052000_loss-0.299248
save checkpoint in /nvme/data/zja/diffusion/ckpts/sing2song_audioldm/checkpoint/epoch-0001_step-0052100_loss-0.299221
save checkpoint in /nvme/data/zja/diffusion/ckpts/sing2song_audioldm/checkpoint/epoch-0001_step-0052200_loss-0.299217
save checkpoint in /nvme/data/zja/diffusion/ckpts/sing2song_audioldm/checkpoint/epoch-0001_step-0052300_loss-0.299275
save checkpoint in /nvme/data/zja/diffusion/ckpts/sing2song_audioldm/checkpoint/epoch-0001_step-0052400_loss-0.299248
save checkpoint in /nvme/data/zja/diffusion/ckpts/sing2song_audioldm/checkpoint/epoch-0001_step-0052500_loss-0.299243
save checkpoint in /nvme/data/zja/diffusion/ckpts/sing2song_audioldm/checkpoint/epoch-0001_step-0052600_loss-0.299169
