Exprimental Configuration File: egs/ttm/latentdiffusion/audioldm/sing2song_source_sep_vae.json
Exprimental Name: sing2song_source_sep_vae
Start a new experiment...
Removing weight norm...
Exprimental Configuration File: egs/ttm/latentdiffusion/audioldm/sing2song_source_sep_vae.json
Exprimental Name: sing2song_source_sep_vae
Start a new experiment...
Removing weight norm...
Exprimental Configuration File: egs/ttm/latentdiffusion/audioldm/sing2song_source_sep_vae.json
Exprimental Name: sing2song_source_sep_vae
Start a new experiment...
Removing weight norm...
save checkpoint in /nvme/data/zja/diffusion/ckpts/sing2song_source_sep_vae/checkpoint/epoch-0000_step-0000100_loss-0.726091
Exprimental Configuration File: egs/ttm/latentdiffusion/audioldm/sing2song_source_sep_vae.json
Exprimental Name: sing2song_source_sep_vae
Start a new experiment...
Removing weight norm...
Exprimental Configuration File: egs/ttm/latentdiffusion/audioldm/sing2song_source_sep_vae.json
Exprimental Name: sing2song_source_sep_vae
Start a new experiment...
Removing weight norm...
Exprimental Configuration File: egs/ttm/latentdiffusion/audioldm/sing2song_source_sep_vae.json
Exprimental Name: sing2song_source_sep_vae
Start a new experiment...
Removing weight norm...
